<?xml version="1.0" encoding="UTF-8"?>
<testsuite name="eu.bitfunk.gradle.plugin.quality.QualityPluginTest" tests="4" skipped="0" failures="0" errors="0" timestamp="2022-12-22T18:41:18" hostname="fv-az555-909" time="15.788">
  <properties/>
  <testcase name="GIVEN project WHEN addPlugins() THEN all plugins added()" classname="eu.bitfunk.gradle.plugin.quality.QualityPluginTest" time="15.215"/>
  <testcase name="implements plugin()" classname="eu.bitfunk.gradle.plugin.quality.QualityPluginTest" time="0.077"/>
  <testcase name="implements contract()" classname="eu.bitfunk.gradle.plugin.quality.QualityPluginTest" time="0.003"/>
  <testcase name="GIVEN project WHEN apply() THEN all configured()" classname="eu.bitfunk.gradle.plugin.quality.QualityPluginTest" time="0.468"/>
  <system-out><![CDATA[]]></system-out>
  <system-err><![CDATA[]]></system-err>
</testsuite>
