<?xml version="1.0" encoding="UTF-8"?>
<testsuite name="eu.bitfunk.gradle.plugin.quality.QualityPluginTest" tests="4" skipped="0" failures="0" errors="0" timestamp="2022-12-22T19:41:21" hostname="fv-az410-106" time="17.57">
  <properties/>
  <testcase name="GIVEN project WHEN addPlugins() THEN all plugins added()" classname="eu.bitfunk.gradle.plugin.quality.QualityPluginTest" time="16.872"/>
  <testcase name="implements plugin()" classname="eu.bitfunk.gradle.plugin.quality.QualityPluginTest" time="0.078"/>
  <testcase name="implements contract()" classname="eu.bitfunk.gradle.plugin.quality.QualityPluginTest" time="0.018"/>
  <testcase name="GIVEN project WHEN apply() THEN all configured()" classname="eu.bitfunk.gradle.plugin.quality.QualityPluginTest" time="0.57"/>
  <system-out><![CDATA[]]></system-out>
  <system-err><![CDATA[]]></system-err>
</testsuite>
