<?xml version="1.0" encoding="UTF-8"?>
<testsuite name="eu.bitfunk.gradle.plugin.quality.QualityPluginTest" tests="4" skipped="0" failures="0" errors="0" timestamp="2023-02-18T21:12:17" hostname="fv-az422-278" time="14.455">
  <properties/>
  <testcase name="GIVEN project WHEN addPlugins() THEN all plugins added()" classname="eu.bitfunk.gradle.plugin.quality.QualityPluginTest" time="13.786"/>
  <testcase name="implements plugin()" classname="eu.bitfunk.gradle.plugin.quality.QualityPluginTest" time="0.068"/>
  <testcase name="implements contract()" classname="eu.bitfunk.gradle.plugin.quality.QualityPluginTest" time="0.003"/>
  <testcase name="GIVEN project WHEN apply() THEN all configured()" classname="eu.bitfunk.gradle.plugin.quality.QualityPluginTest" time="0.548"/>
  <system-out><![CDATA[]]></system-out>
  <system-err><![CDATA[]]></system-err>
</testsuite>
