<?xml version="1.0" encoding="UTF-8"?>
<testsuite name="eu.bitfunk.gradle.plugin.quality.report.ReportPluginTest" tests="7" skipped="0" failures="0" errors="0" timestamp="2022-12-22T18:24:55" hostname="fv-az301-732" time="44.55">
  <properties/>
  <testcase name="GIVEN project WHEN addPlugins() THEN plugins added()" classname="eu.bitfunk.gradle.plugin.quality.report.ReportPluginTest" time="19.153"/>
  <testcase name="GIVEN project WHEN addExtension() THEN extension added()" classname="eu.bitfunk.gradle.plugin.quality.report.ReportPluginTest" time="5.976"/>
  <testcase name="GIVEN project WHEN configureReport() THEN report configured()" classname="eu.bitfunk.gradle.plugin.quality.report.ReportPluginTest" time="3.077"/>
  <testcase name="implements contract()" classname="eu.bitfunk.gradle.plugin.quality.report.ReportPluginTest" time="0.001"/>
  <testcase name="GIVEN project WHEN apply() THEN all configured()" classname="eu.bitfunk.gradle.plugin.quality.report.ReportPluginTest" time="7.752"/>
  <testcase name="GIVEN project WHEN configureTasks() THEN tasks configured()" classname="eu.bitfunk.gradle.plugin.quality.report.ReportPluginTest" time="8.535"/>
  <testcase name="implements Gradle Plugin()" classname="eu.bitfunk.gradle.plugin.quality.report.ReportPluginTest" time="0.007"/>
  <system-out><![CDATA[]]></system-out>
  <system-err><![CDATA[]]></system-err>
</testsuite>
