<?xml version="1.0" encoding="UTF-8"?>
<testsuite name="eu.bitfunk.gradle.plugin.quality.report.ReportPluginTest" tests="7" skipped="0" failures="0" errors="0" timestamp="2023-03-04T14:57:04" hostname="fv-az574-470" time="61.953">
  <properties/>
  <testcase name="GIVEN project WHEN addPlugins() THEN plugins added()" classname="eu.bitfunk.gradle.plugin.quality.report.ReportPluginTest" time="24.037"/>
  <testcase name="GIVEN project WHEN addExtension() THEN extension added()" classname="eu.bitfunk.gradle.plugin.quality.report.ReportPluginTest" time="11.103"/>
  <testcase name="GIVEN project WHEN configureReport() THEN report configured()" classname="eu.bitfunk.gradle.plugin.quality.report.ReportPluginTest" time="3.768"/>
  <testcase name="implements contract()" classname="eu.bitfunk.gradle.plugin.quality.report.ReportPluginTest" time="0.001"/>
  <testcase name="GIVEN project WHEN apply() THEN all configured()" classname="eu.bitfunk.gradle.plugin.quality.report.ReportPluginTest" time="9.106"/>
  <testcase name="GIVEN project WHEN configureTasks() THEN tasks configured()" classname="eu.bitfunk.gradle.plugin.quality.report.ReportPluginTest" time="13.787"/>
  <testcase name="implements Gradle Plugin()" classname="eu.bitfunk.gradle.plugin.quality.report.ReportPluginTest" time="0.008"/>
  <system-out><![CDATA[]]></system-out>
  <system-err><![CDATA[]]></system-err>
</testsuite>
