<?xml version="1.0" encoding="UTF-8"?>
<testsuite name="eu.bitfunk.gradle.plugin.quality.report.intern.FileNameTransformerTest" tests="3" skipped="0" failures="0" errors="0" timestamp="2022-12-21T15:47:25" hostname="fv-az189-385" time="0.025">
  <properties/>
  <testcase name="implements Transformer()" classname="eu.bitfunk.gradle.plugin.quality.report.intern.FileNameTransformerTest" time="0.005"/>
  <testcase name="GIVEN one fileName WHEN transform() 3 times THEN -3 added to fileName()" classname="eu.bitfunk.gradle.plugin.quality.report.intern.FileNameTransformerTest" time="0.003"/>
  <testcase name="GIVEN one fileName WHEN transform() THEN -1 added to fileName()" classname="eu.bitfunk.gradle.plugin.quality.report.intern.FileNameTransformerTest" time="0.002"/>
  <system-out><![CDATA[]]></system-out>
  <system-err><![CDATA[]]></system-err>
</testsuite>
