<?xml version="1.0" encoding="UTF-8"?>
<testsuite name="eu.bitfunk.gradle.plugin.quality.report.ReportPluginTest" tests="7" skipped="0" failures="0" errors="0" timestamp="2023-02-18T21:08:17" hostname="fv-az422-278" time="41.519">
  <properties/>
  <testcase name="GIVEN project WHEN addPlugins() THEN plugins added()" classname="eu.bitfunk.gradle.plugin.quality.report.ReportPluginTest" time="16.38"/>
  <testcase name="GIVEN project WHEN addExtension() THEN extension added()" classname="eu.bitfunk.gradle.plugin.quality.report.ReportPluginTest" time="6.188"/>
  <testcase name="GIVEN project WHEN configureReport() THEN report configured()" classname="eu.bitfunk.gradle.plugin.quality.report.ReportPluginTest" time="2.731"/>
  <testcase name="implements contract()" classname="eu.bitfunk.gradle.plugin.quality.report.ReportPluginTest" time="0.012"/>
  <testcase name="GIVEN project WHEN apply() THEN all configured()" classname="eu.bitfunk.gradle.plugin.quality.report.ReportPluginTest" time="6.667"/>
  <testcase name="GIVEN project WHEN configureTasks() THEN tasks configured()" classname="eu.bitfunk.gradle.plugin.quality.report.ReportPluginTest" time="9.458"/>
  <testcase name="implements Gradle Plugin()" classname="eu.bitfunk.gradle.plugin.quality.report.ReportPluginTest" time="0.0"/>
  <system-out><![CDATA[]]></system-out>
  <system-err><![CDATA[]]></system-err>
</testsuite>
