<?xml version="1.0" encoding="UTF-8"?>
<testsuite name="eu.bitfunk.gradle.plugin.development.version.catalog.accessor.VersionCatalogAccessorPluginTest" tests="14" skipped="0" failures="0" errors="0" timestamp="2022-12-07T18:39:08" hostname="fv-az265-161" time="47.602">
  <properties/>
  <testcase name="GIVEN all required WHEN checkPreconditions() THEN success()" classname="eu.bitfunk.gradle.plugin.development.version.catalog.accessor.VersionCatalogAccessorPluginTest" time="10.893"/>
  <testcase name="GIVEN project WHEN configureSourceSet() THEN sourceSet configured()" classname="eu.bitfunk.gradle.plugin.development.version.catalog.accessor.VersionCatalogAccessorPluginTest" time="20.211"/>
  <testcase name="GIVEN project without jacoco WHEN configureCodeCoverage() THEN coverage not configured()" classname="eu.bitfunk.gradle.plugin.development.version.catalog.accessor.VersionCatalogAccessorPluginTest" time="0.076"/>
  <testcase name="GIVEN kotlin-dsl missing WHEN checkPreconditions() THEN throw GradleException()" classname="eu.bitfunk.gradle.plugin.development.version.catalog.accessor.VersionCatalogAccessorPluginTest" time="0.042"/>
  <testcase name="GIVEN project with plugin WHEN addExtension() THEN extension is added to project with defaults()" classname="eu.bitfunk.gradle.plugin.development.version.catalog.accessor.VersionCatalogAccessorPluginTest" time="2.986"/>
  <testcase name="GIVEN java-gradle-plugin missing WHEN checkPreconditions() THEN throw GradleException()" classname="eu.bitfunk.gradle.plugin.development.version.catalog.accessor.VersionCatalogAccessorPluginTest" time="0.037"/>
  <testcase name="implements plugin()" classname="eu.bitfunk.gradle.plugin.development.version.catalog.accessor.VersionCatalogAccessorPluginTest" time="0.006"/>
  <testcase name="implements contract()" classname="eu.bitfunk.gradle.plugin.development.version.catalog.accessor.VersionCatalogAccessorPluginTest" time="0.002"/>
  <testcase name="GIVEN project WHEN apply() THEN all configured()" classname="eu.bitfunk.gradle.plugin.development.version.catalog.accessor.VersionCatalogAccessorPluginTest" time="4.189"/>
  <testcase name="GIVEN Gradle version 7_1 WHEN checkPreconditions() THEN throw GradleException()" classname="eu.bitfunk.gradle.plugin.development.version.catalog.accessor.VersionCatalogAccessorPluginTest" time="0.818"/>
  <testcase name="GIVEN project with jacoco WHEN configureCodeCoverage() THEN coverage configured()" classname="eu.bitfunk.gradle.plugin.development.version.catalog.accessor.VersionCatalogAccessorPluginTest" time="6.841"/>
  <testcase name="GIVEN project WHEN addGeneratorTask() THEN task is registered and configured()" classname="eu.bitfunk.gradle.plugin.development.version.catalog.accessor.VersionCatalogAccessorPluginTest" time="0.457"/>
  <testcase name="GIVEN project and extension WHEN addSourceGeneratorTask() THEN task is registered and configured()" classname="eu.bitfunk.gradle.plugin.development.version.catalog.accessor.VersionCatalogAccessorPluginTest" time="0.963"/>
  <testcase name="GIVEN rootProject different to project WHEN checkPreconditions() THEN throw GradleException()" classname="eu.bitfunk.gradle.plugin.development.version.catalog.accessor.VersionCatalogAccessorPluginTest" time="0.008"/>
  <system-out><![CDATA[]]></system-out>
  <system-err><![CDATA[]]></system-err>
</testsuite>
