<?xml version="1.0" encoding="UTF-8"?>
<testsuite name="eu.bitfunk.gradle.plugin.development.version.catalog.accessor.generated.TestVersionCatalogAccessorTest" tests="8" skipped="0" failures="0" errors="0" timestamp="2022-12-21T17:09:55" hostname="fv-az174-309" time="1.857">
  <properties/>
  <testcase name="GIVEN pluginName WHEN findPlugin() THEN return plugin()" classname="eu.bitfunk.gradle.plugin.development.version.catalog.accessor.generated.TestVersionCatalogAccessorTest" time="0.815"/>
  <testcase name="GIVEN invalid library WHEN findLibrary() THEN throw NoSuchElementException()" classname="eu.bitfunk.gradle.plugin.development.version.catalog.accessor.generated.TestVersionCatalogAccessorTest" time="0.01"/>
  <testcase name="GIVEN versionName WHEN findVersion() THEN return version()" classname="eu.bitfunk.gradle.plugin.development.version.catalog.accessor.generated.TestVersionCatalogAccessorTest" time="0.334"/>
  <testcase name="GIVEN bundleName WHEN findBundle() THEN return bundle()" classname="eu.bitfunk.gradle.plugin.development.version.catalog.accessor.generated.TestVersionCatalogAccessorTest" time="0.502"/>
  <testcase name="GIVEN invalid bundle WHEN findBundle() THEN throw NoSuchElementException()" classname="eu.bitfunk.gradle.plugin.development.version.catalog.accessor.generated.TestVersionCatalogAccessorTest" time="0.008"/>
  <testcase name="GIVEN libraryName WHEN findLibrary() THEN return library()" classname="eu.bitfunk.gradle.plugin.development.version.catalog.accessor.generated.TestVersionCatalogAccessorTest" time="0.165"/>
  <testcase name="GIVEN invalid version WHEN findVersion() THEN throw NoSuchElementException()" classname="eu.bitfunk.gradle.plugin.development.version.catalog.accessor.generated.TestVersionCatalogAccessorTest" time="0.004"/>
  <testcase name="GIVEN invalid plugin WHEN findPlugin() THEN throw NoSuchElementException()" classname="eu.bitfunk.gradle.plugin.development.version.catalog.accessor.generated.TestVersionCatalogAccessorTest" time="0.009"/>
  <system-out><![CDATA[]]></system-out>
  <system-err><![CDATA[]]></system-err>
</testsuite>
