<?xml version="1.0" encoding="UTF-8"?>
<testsuite name="eu.bitfunk.gradle.plugin.development.version.catalog.accessor.intern.VersionInterfaceGeneratorTest" tests="2" skipped="0" failures="0" errors="0" timestamp="2023-02-17T23:27:51" hostname="fv-az173-156" time="0.008">
  <properties/>
  <testcase name="generator implements contract()" classname="eu.bitfunk.gradle.plugin.development.version.catalog.accessor.intern.VersionInterfaceGeneratorTest" time="0.002"/>
  <testcase name="GIVEN packageName WHEN generate() THEN()" classname="eu.bitfunk.gradle.plugin.development.version.catalog.accessor.intern.VersionInterfaceGeneratorTest" time="0.004"/>
  <system-out><![CDATA[]]></system-out>
  <system-err><![CDATA[]]></system-err>
</testsuite>
