<?xml version="1.0" encoding="UTF-8"?>
<testsuite name="eu.bitfunk.gradle.plugin.development.version.catalog.accessor.intern.GeneratorTest" tests="6" skipped="0" failures="0" errors="0" timestamp="2023-02-17T23:44:04" hostname="fv-az451-622" time="0.367">
  <properties/>
  <testcase name="GIVEN catalog with libraries WHEN generate() THEN return accessor with libraries()" classname="eu.bitfunk.gradle.plugin.development.version.catalog.accessor.intern.GeneratorTest" time="0.251"/>
  <testcase name="GIVEN catalog with bundles WHEN generate() THEN return accessor with bundles()" classname="eu.bitfunk.gradle.plugin.development.version.catalog.accessor.intern.GeneratorTest" time="0.032"/>
  <testcase name="GIVEN catalog with plugins WHEN generate() THEN return accessor with plugins()" classname="eu.bitfunk.gradle.plugin.development.version.catalog.accessor.intern.GeneratorTest" time="0.036"/>
  <testcase name="generator implements contract()" classname="eu.bitfunk.gradle.plugin.development.version.catalog.accessor.intern.GeneratorTest" time="0.002"/>
  <testcase name="GIVEN empty catalog WHEN generate() THEN return empty accessor()" classname="eu.bitfunk.gradle.plugin.development.version.catalog.accessor.intern.GeneratorTest" time="0.015"/>
  <testcase name="GIVEN catalog with versions WHEN generate() THEN return accessor with versions()" classname="eu.bitfunk.gradle.plugin.development.version.catalog.accessor.intern.GeneratorTest" time="0.019"/>
  <system-out><![CDATA[]]></system-out>
  <system-err><![CDATA[]]></system-err>
</testsuite>
