<?xml version="1.0" encoding="UTF-8"?>
<testsuite name="eu.bitfunk.gradle.plugin.development.version.catalog.accessor.VersionCatalogAccessorPluginFunctionalTest" tests="8" skipped="0" failures="0" errors="0" timestamp="2022-12-08T22:58:33" hostname="fv-az338-964" time="214.998">
  <properties/>
  <testcase name="GIVEN inner module with plugin WHEN run THEN fail()" classname="eu.bitfunk.gradle.plugin.development.version.catalog.accessor.VersionCatalogAccessorPluginFunctionalTest" time="120.97"/>
  <testcase name="GIVEN setup without kotlin-dsl WHEN run THEN fail()" classname="eu.bitfunk.gradle.plugin.development.version.catalog.accessor.VersionCatalogAccessorPluginFunctionalTest" time="2.076"/>
  <testcase name="GIVEN setup without java-gradle-plugin WHEN run THEN fail()" classname="eu.bitfunk.gradle.plugin.development.version.catalog.accessor.VersionCatalogAccessorPluginFunctionalTest" time="0.305"/>
  <testcase name="GIVEN Gradle version 7_1 WHEN run THEN fail()" classname="eu.bitfunk.gradle.plugin.development.version.catalog.accessor.VersionCatalogAccessorPluginFunctionalTest" time="58.153"/>
  <testcase name="GIVEN custom configuration WHEN generateVersionCatalogAccessor THEN catalogs are present()" classname="eu.bitfunk.gradle.plugin.development.version.catalog.accessor.VersionCatalogAccessorPluginFunctionalTest" time="31.094"/>
  <testcase name="GIVEN custom configuration WHEN all run THEN all files are present()" classname="eu.bitfunk.gradle.plugin.development.version.catalog.accessor.VersionCatalogAccessorPluginFunctionalTest" time="0.608"/>
  <testcase name="GIVEN default configuration WHEN generateVersionCatalogAccessor THEN catalog is present()" classname="eu.bitfunk.gradle.plugin.development.version.catalog.accessor.VersionCatalogAccessorPluginFunctionalTest" time="1.178"/>
  <testcase name="GIVEN default configuration WHEN all run THEN all files are present()" classname="eu.bitfunk.gradle.plugin.development.version.catalog.accessor.VersionCatalogAccessorPluginFunctionalTest" time="0.607"/>
  <system-out><![CDATA[]]></system-out>
  <system-err><![CDATA[]]></system-err>
</testsuite>
