<?xml version="1.0" encoding="UTF-8"?>
<testsuite name="eu.bitfunk.gradle.plugin.development.version.catalog.accessor.intern.GeneratorTaskTest" tests="5" skipped="0" failures="0" errors="0" timestamp="2022-12-21T19:26:31" hostname="fv-az589-969" time="0.539">
  <properties/>
  <testcase name="GIVEN catalogNames WHEN generate() THEN accessor present in output folder()" classname="eu.bitfunk.gradle.plugin.development.version.catalog.accessor.intern.GeneratorTaskTest" time="0.439"/>
  <testcase name="GIVEN empty catalogNames WHEN generate() THEN do nothing()" classname="eu.bitfunk.gradle.plugin.development.version.catalog.accessor.intern.GeneratorTaskTest" time="0.004"/>
  <testcase name="GIVEN catalogNames and sourceFolder WHEN generate() THEN accessor present in output folder()" classname="eu.bitfunk.gradle.plugin.development.version.catalog.accessor.intern.GeneratorTaskTest" time="0.042"/>
  <testcase name="GIVEN catalogNames, sourceFolder, packageName WHEN generate() THEN all present in output()" classname="eu.bitfunk.gradle.plugin.development.version.catalog.accessor.intern.GeneratorTaskTest" time="0.041"/>
  <testcase name="generatorTask implements contract()" classname="eu.bitfunk.gradle.plugin.development.version.catalog.accessor.intern.GeneratorTaskTest" time="0.004"/>
  <system-out><![CDATA[]]></system-out>
  <system-err><![CDATA[]]></system-err>
</testsuite>
