<?xml version="1.0" encoding="UTF-8"?>
<testsuite name="eu.bitfunk.gradle.plugin.development.version.catalog.accessor.intern.GeneratorTest" tests="6" skipped="0" failures="0" errors="0" timestamp="2023-09-08T23:16:47" hostname="fv-az465-852" time="0.276">
  <properties/>
  <testcase name="GIVEN catalog with libraries WHEN generate() THEN return accessor with libraries()" classname="eu.bitfunk.gradle.plugin.development.version.catalog.accessor.intern.GeneratorTest" time="0.166"/>
  <testcase name="GIVEN catalog with bundles WHEN generate() THEN return accessor with bundles()" classname="eu.bitfunk.gradle.plugin.development.version.catalog.accessor.intern.GeneratorTest" time="0.036"/>
  <testcase name="GIVEN catalog with plugins WHEN generate() THEN return accessor with plugins()" classname="eu.bitfunk.gradle.plugin.development.version.catalog.accessor.intern.GeneratorTest" time="0.023"/>
  <testcase name="generator implements contract()" classname="eu.bitfunk.gradle.plugin.development.version.catalog.accessor.intern.GeneratorTest" time="0.003"/>
  <testcase name="GIVEN empty catalog WHEN generate() THEN return empty accessor()" classname="eu.bitfunk.gradle.plugin.development.version.catalog.accessor.intern.GeneratorTest" time="0.022"/>
  <testcase name="GIVEN catalog with versions WHEN generate() THEN return accessor with versions()" classname="eu.bitfunk.gradle.plugin.development.version.catalog.accessor.intern.GeneratorTest" time="0.018"/>
  <system-out><![CDATA[]]></system-out>
  <system-err><![CDATA[]]></system-err>
</testsuite>
