<?xml version="1.0" encoding="UTF-8"?>
<testsuite name="eu.bitfunk.gradle.plugin.development.version.catalog.accessor.generated.TestVersionCatalogAccessorTest" tests="8" skipped="0" failures="0" errors="0" timestamp="2023-09-08T23:16:44" hostname="fv-az465-852" time="1.762">
  <properties/>
  <testcase name="GIVEN pluginName WHEN findPlugin() THEN return plugin()" classname="eu.bitfunk.gradle.plugin.development.version.catalog.accessor.generated.TestVersionCatalogAccessorTest" time="0.722"/>
  <testcase name="GIVEN invalid library WHEN findLibrary() THEN throw NoSuchElementException()" classname="eu.bitfunk.gradle.plugin.development.version.catalog.accessor.generated.TestVersionCatalogAccessorTest" time="0.008"/>
  <testcase name="GIVEN versionName WHEN findVersion() THEN return version()" classname="eu.bitfunk.gradle.plugin.development.version.catalog.accessor.generated.TestVersionCatalogAccessorTest" time="0.214"/>
  <testcase name="GIVEN bundleName WHEN findBundle() THEN return bundle()" classname="eu.bitfunk.gradle.plugin.development.version.catalog.accessor.generated.TestVersionCatalogAccessorTest" time="0.234"/>
  <testcase name="GIVEN invalid bundle WHEN findBundle() THEN throw NoSuchElementException()" classname="eu.bitfunk.gradle.plugin.development.version.catalog.accessor.generated.TestVersionCatalogAccessorTest" time="0.005"/>
  <testcase name="GIVEN libraryName WHEN findLibrary() THEN return library()" classname="eu.bitfunk.gradle.plugin.development.version.catalog.accessor.generated.TestVersionCatalogAccessorTest" time="0.551"/>
  <testcase name="GIVEN invalid version WHEN findVersion() THEN throw NoSuchElementException()" classname="eu.bitfunk.gradle.plugin.development.version.catalog.accessor.generated.TestVersionCatalogAccessorTest" time="0.008"/>
  <testcase name="GIVEN invalid plugin WHEN findPlugin() THEN throw NoSuchElementException()" classname="eu.bitfunk.gradle.plugin.development.version.catalog.accessor.generated.TestVersionCatalogAccessorTest" time="0.008"/>
  <system-out><![CDATA[]]></system-out>
  <system-err><![CDATA[]]></system-err>
</testsuite>
