<?xml version="1.0" encoding="UTF-8"?>
<testsuite name="eu.bitfunk.gradle.plugin.development.version.catalog.accessor.generated.TestVersionCatalogAccessorTest" tests="8" skipped="0" failures="0" errors="0" timestamp="2023-02-18T21:14:20" hostname="fv-az422-278" time="2.773">
  <properties/>
  <testcase name="GIVEN pluginName WHEN findPlugin() THEN return plugin()" classname="eu.bitfunk.gradle.plugin.development.version.catalog.accessor.generated.TestVersionCatalogAccessorTest" time="1.277"/>
  <testcase name="GIVEN invalid library WHEN findLibrary() THEN throw NoSuchElementException()" classname="eu.bitfunk.gradle.plugin.development.version.catalog.accessor.generated.TestVersionCatalogAccessorTest" time="0.018"/>
  <testcase name="GIVEN versionName WHEN findVersion() THEN return version()" classname="eu.bitfunk.gradle.plugin.development.version.catalog.accessor.generated.TestVersionCatalogAccessorTest" time="0.339"/>
  <testcase name="GIVEN bundleName WHEN findBundle() THEN return bundle()" classname="eu.bitfunk.gradle.plugin.development.version.catalog.accessor.generated.TestVersionCatalogAccessorTest" time="0.377"/>
  <testcase name="GIVEN invalid bundle WHEN findBundle() THEN throw NoSuchElementException()" classname="eu.bitfunk.gradle.plugin.development.version.catalog.accessor.generated.TestVersionCatalogAccessorTest" time="0.015"/>
  <testcase name="GIVEN libraryName WHEN findLibrary() THEN return library()" classname="eu.bitfunk.gradle.plugin.development.version.catalog.accessor.generated.TestVersionCatalogAccessorTest" time="0.701"/>
  <testcase name="GIVEN invalid version WHEN findVersion() THEN throw NoSuchElementException()" classname="eu.bitfunk.gradle.plugin.development.version.catalog.accessor.generated.TestVersionCatalogAccessorTest" time="0.009"/>
  <testcase name="GIVEN invalid plugin WHEN findPlugin() THEN throw NoSuchElementException()" classname="eu.bitfunk.gradle.plugin.development.version.catalog.accessor.generated.TestVersionCatalogAccessorTest" time="0.02"/>
  <system-out><![CDATA[]]></system-out>
  <system-err><![CDATA[]]></system-err>
</testsuite>
