<?xml version="1.0" encoding="UTF-8"?>
<testsuite name="eu.bitfunk.gradle.plugin.development.version.catalog.accessor.VersionCatalogAccessorPluginFunctionalTest" tests="8" skipped="0" failures="0" errors="0" timestamp="2022-12-07T22:01:33" hostname="fv-az302-653" time="343.519">
  <properties/>
  <testcase name="GIVEN inner module with plugin WHEN run THEN fail()" classname="eu.bitfunk.gradle.plugin.development.version.catalog.accessor.VersionCatalogAccessorPluginFunctionalTest" time="164.986"/>
  <testcase name="GIVEN setup without kotlin-dsl WHEN run THEN fail()" classname="eu.bitfunk.gradle.plugin.development.version.catalog.accessor.VersionCatalogAccessorPluginFunctionalTest" time="3.57"/>
  <testcase name="GIVEN setup without java-gradle-plugin WHEN run THEN fail()" classname="eu.bitfunk.gradle.plugin.development.version.catalog.accessor.VersionCatalogAccessorPluginFunctionalTest" time="0.322"/>
  <testcase name="GIVEN Gradle version 7_1 WHEN run THEN fail()" classname="eu.bitfunk.gradle.plugin.development.version.catalog.accessor.VersionCatalogAccessorPluginFunctionalTest" time="108.599"/>
  <testcase name="GIVEN custom configuration WHEN generateVersionCatalogAccessor THEN catalogs are present()" classname="eu.bitfunk.gradle.plugin.development.version.catalog.accessor.VersionCatalogAccessorPluginFunctionalTest" time="56.618"/>
  <testcase name="GIVEN custom configuration WHEN all run THEN all files are present()" classname="eu.bitfunk.gradle.plugin.development.version.catalog.accessor.VersionCatalogAccessorPluginFunctionalTest" time="2.625"/>
  <testcase name="GIVEN default configuration WHEN generateVersionCatalogAccessor THEN catalog is present()" classname="eu.bitfunk.gradle.plugin.development.version.catalog.accessor.VersionCatalogAccessorPluginFunctionalTest" time="4.145"/>
  <testcase name="GIVEN default configuration WHEN all run THEN all files are present()" classname="eu.bitfunk.gradle.plugin.development.version.catalog.accessor.VersionCatalogAccessorPluginFunctionalTest" time="2.605"/>
  <system-out><![CDATA[]]></system-out>
  <system-err><![CDATA[]]></system-err>
</testsuite>
