<?xml version="1.0" encoding="UTF-8"?>
<testsuite name="eu.bitfunk.gradle.plugin.development.version.catalog.accessor.VersionCatalogAccessorPluginFunctionalTest" tests="8" skipped="0" failures="0" errors="0" timestamp="2022-12-07T14:30:14" hostname="fv-az206-560" time="452.637">
  <properties/>
  <testcase name="GIVEN inner module with plugin WHEN run THEN fail()" classname="eu.bitfunk.gradle.plugin.development.version.catalog.accessor.VersionCatalogAccessorPluginFunctionalTest" time="164.873"/>
  <testcase name="GIVEN setup without kotlin-dsl WHEN run THEN fail()" classname="eu.bitfunk.gradle.plugin.development.version.catalog.accessor.VersionCatalogAccessorPluginFunctionalTest" time="4.896"/>
  <testcase name="GIVEN setup without java-gradle-plugin WHEN run THEN fail()" classname="eu.bitfunk.gradle.plugin.development.version.catalog.accessor.VersionCatalogAccessorPluginFunctionalTest" time="0.486"/>
  <testcase name="GIVEN Gradle version 7_1 WHEN run THEN fail()" classname="eu.bitfunk.gradle.plugin.development.version.catalog.accessor.VersionCatalogAccessorPluginFunctionalTest" time="154.889"/>
  <testcase name="GIVEN custom configuration WHEN generateVersionCatalogAccessor THEN catalogs are present()" classname="eu.bitfunk.gradle.plugin.development.version.catalog.accessor.VersionCatalogAccessorPluginFunctionalTest" time="121.909"/>
  <testcase name="GIVEN custom configuration WHEN all run THEN all files are present()" classname="eu.bitfunk.gradle.plugin.development.version.catalog.accessor.VersionCatalogAccessorPluginFunctionalTest" time="1.525"/>
  <testcase name="GIVEN default configuration WHEN generateVersionCatalogAccessor THEN catalog is present()" classname="eu.bitfunk.gradle.plugin.development.version.catalog.accessor.VersionCatalogAccessorPluginFunctionalTest" time="2.492"/>
  <testcase name="GIVEN default configuration WHEN all run THEN all files are present()" classname="eu.bitfunk.gradle.plugin.development.version.catalog.accessor.VersionCatalogAccessorPluginFunctionalTest" time="1.534"/>
  <system-out><![CDATA[]]></system-out>
  <system-err><![CDATA[]]></system-err>
</testsuite>
