<?xml version="1.0" encoding="UTF-8"?>
<testsuite name="eu.bitfunk.gradle.plugin.development.version.catalog.accessor.VersionCatalogAccessorPluginTest" tests="14" skipped="0" failures="0" errors="0" timestamp="2022-12-21T18:58:40" hostname="fv-az298-875" time="19.472">
  <properties/>
  <testcase name="GIVEN all required WHEN checkPreconditions() THEN success()" classname="eu.bitfunk.gradle.plugin.development.version.catalog.accessor.VersionCatalogAccessorPluginTest" time="5.448"/>
  <testcase name="GIVEN project WHEN configureSourceSet() THEN sourceSet configured()" classname="eu.bitfunk.gradle.plugin.development.version.catalog.accessor.VersionCatalogAccessorPluginTest" time="7.063"/>
  <testcase name="GIVEN project without jacoco WHEN configureCodeCoverage() THEN coverage not configured()" classname="eu.bitfunk.gradle.plugin.development.version.catalog.accessor.VersionCatalogAccessorPluginTest" time="0.023"/>
  <testcase name="GIVEN kotlin-dsl missing WHEN checkPreconditions() THEN throw GradleException()" classname="eu.bitfunk.gradle.plugin.development.version.catalog.accessor.VersionCatalogAccessorPluginTest" time="0.014"/>
  <testcase name="GIVEN project with plugin WHEN addExtension() THEN extension is added to project with defaults()" classname="eu.bitfunk.gradle.plugin.development.version.catalog.accessor.VersionCatalogAccessorPluginTest" time="1.219"/>
  <testcase name="GIVEN java-gradle-plugin missing WHEN checkPreconditions() THEN throw GradleException()" classname="eu.bitfunk.gradle.plugin.development.version.catalog.accessor.VersionCatalogAccessorPluginTest" time="0.014"/>
  <testcase name="implements plugin()" classname="eu.bitfunk.gradle.plugin.development.version.catalog.accessor.VersionCatalogAccessorPluginTest" time="0.003"/>
  <testcase name="implements contract()" classname="eu.bitfunk.gradle.plugin.development.version.catalog.accessor.VersionCatalogAccessorPluginTest" time="0.0"/>
  <testcase name="GIVEN project WHEN apply() THEN all configured()" classname="eu.bitfunk.gradle.plugin.development.version.catalog.accessor.VersionCatalogAccessorPluginTest" time="1.618"/>
  <testcase name="GIVEN Gradle version 7_1 WHEN checkPreconditions() THEN throw GradleException()" classname="eu.bitfunk.gradle.plugin.development.version.catalog.accessor.VersionCatalogAccessorPluginTest" time="0.301"/>
  <testcase name="GIVEN project with jacoco WHEN configureCodeCoverage() THEN coverage configured()" classname="eu.bitfunk.gradle.plugin.development.version.catalog.accessor.VersionCatalogAccessorPluginTest" time="3.085"/>
  <testcase name="GIVEN project WHEN addGeneratorTask() THEN task is registered and configured()" classname="eu.bitfunk.gradle.plugin.development.version.catalog.accessor.VersionCatalogAccessorPluginTest" time="0.206"/>
  <testcase name="GIVEN project and extension WHEN addSourceGeneratorTask() THEN task is registered and configured()" classname="eu.bitfunk.gradle.plugin.development.version.catalog.accessor.VersionCatalogAccessorPluginTest" time="0.433"/>
  <testcase name="GIVEN rootProject different to project WHEN checkPreconditions() THEN throw GradleException()" classname="eu.bitfunk.gradle.plugin.development.version.catalog.accessor.VersionCatalogAccessorPluginTest" time="0.006"/>
  <system-out><![CDATA[]]></system-out>
  <system-err><![CDATA[]]></system-err>
</testsuite>
