<?xml version="1.0" encoding="UTF-8"?>
<testsuite name="eu.bitfunk.gradle.plugin.development.version.catalog.accessor.VersionCatalogAccessorSourceGeneratorTaskTest" tests="4" skipped="0" failures="0" errors="0" timestamp="2022-12-21T19:15:59" hostname="fv-az988-330" time="0.882">
  <properties/>
  <testcase name="GIVEN project with catalogSourceFolder, packageName WHEN generate() THEN no output generated()" classname="eu.bitfunk.gradle.plugin.development.version.catalog.accessor.VersionCatalogAccessorSourceGeneratorTaskTest" time="0.025"/>
  <testcase name="GIVEN project with catalogSourceFolder WHEN generate() THEN fail()" classname="eu.bitfunk.gradle.plugin.development.version.catalog.accessor.VersionCatalogAccessorSourceGeneratorTaskTest" time="0.023"/>
  <testcase name="GIVEN project without properties WHEN generate() THEN fail()" classname="eu.bitfunk.gradle.plugin.development.version.catalog.accessor.VersionCatalogAccessorSourceGeneratorTaskTest" time="0.016"/>
  <testcase name="GIVEN project configured WHEN generate() THEN generated present in output folder()" classname="eu.bitfunk.gradle.plugin.development.version.catalog.accessor.VersionCatalogAccessorSourceGeneratorTaskTest" time="0.81"/>
  <system-out><![CDATA[]]></system-out>
  <system-err><![CDATA[]]></system-err>
</testsuite>
