<?xml version="1.0" encoding="UTF-8"?>
<testsuite name="eu.bitfunk.gradle.plugin.development.version.catalog.accessor.VersionCatalogAccessorPluginTest" tests="14" skipped="0" failures="0" errors="0" timestamp="2023-03-04T15:07:01" hostname="fv-az574-470" time="57.34">
  <properties/>
  <testcase name="GIVEN all required WHEN checkPreconditions() THEN success()" classname="eu.bitfunk.gradle.plugin.development.version.catalog.accessor.VersionCatalogAccessorPluginTest" time="9.539"/>
  <testcase name="GIVEN project WHEN configureSourceSet() THEN sourceSet configured()" classname="eu.bitfunk.gradle.plugin.development.version.catalog.accessor.VersionCatalogAccessorPluginTest" time="23.029"/>
  <testcase name="GIVEN project without jacoco WHEN configureCodeCoverage() THEN coverage not configured()" classname="eu.bitfunk.gradle.plugin.development.version.catalog.accessor.VersionCatalogAccessorPluginTest" time="0.07"/>
  <testcase name="GIVEN kotlin-dsl missing WHEN checkPreconditions() THEN throw GradleException()" classname="eu.bitfunk.gradle.plugin.development.version.catalog.accessor.VersionCatalogAccessorPluginTest" time="0.042"/>
  <testcase name="GIVEN project with plugin WHEN addExtension() THEN extension is added to project with defaults()" classname="eu.bitfunk.gradle.plugin.development.version.catalog.accessor.VersionCatalogAccessorPluginTest" time="3.409"/>
  <testcase name="GIVEN java-gradle-plugin missing WHEN checkPreconditions() THEN throw GradleException()" classname="eu.bitfunk.gradle.plugin.development.version.catalog.accessor.VersionCatalogAccessorPluginTest" time="0.046"/>
  <testcase name="implements plugin()" classname="eu.bitfunk.gradle.plugin.development.version.catalog.accessor.VersionCatalogAccessorPluginTest" time="0.011"/>
  <testcase name="implements contract()" classname="eu.bitfunk.gradle.plugin.development.version.catalog.accessor.VersionCatalogAccessorPluginTest" time="0.011"/>
  <testcase name="GIVEN project WHEN apply() THEN all configured()" classname="eu.bitfunk.gradle.plugin.development.version.catalog.accessor.VersionCatalogAccessorPluginTest" time="5.818"/>
  <testcase name="GIVEN Gradle version 7_1 WHEN checkPreconditions() THEN throw GradleException()" classname="eu.bitfunk.gradle.plugin.development.version.catalog.accessor.VersionCatalogAccessorPluginTest" time="0.757"/>
  <testcase name="GIVEN project with jacoco WHEN configureCodeCoverage() THEN coverage configured()" classname="eu.bitfunk.gradle.plugin.development.version.catalog.accessor.VersionCatalogAccessorPluginTest" time="13.071"/>
  <testcase name="GIVEN project WHEN addGeneratorTask() THEN task is registered and configured()" classname="eu.bitfunk.gradle.plugin.development.version.catalog.accessor.VersionCatalogAccessorPluginTest" time="0.597"/>
  <testcase name="GIVEN project and extension WHEN addSourceGeneratorTask() THEN task is registered and configured()" classname="eu.bitfunk.gradle.plugin.development.version.catalog.accessor.VersionCatalogAccessorPluginTest" time="0.873"/>
  <testcase name="GIVEN rootProject different to project WHEN checkPreconditions() THEN throw GradleException()" classname="eu.bitfunk.gradle.plugin.development.version.catalog.accessor.VersionCatalogAccessorPluginTest" time="0.018"/>
  <system-out><![CDATA[]]></system-out>
  <system-err><![CDATA[]]></system-err>
</testsuite>
