<?xml version="1.0" encoding="UTF-8"?>
<testsuite name="eu.bitfunk.gradle.plugin.development.version.catalog.accessor.intern.MapperTest" tests="6" skipped="0" failures="0" errors="0" timestamp="2023-09-08T18:30:28" hostname="fv-az349-360" time="0.028">
  <properties/>
  <testcase name="GIVEN empty list WHEN map() THEN return empty list()" classname="eu.bitfunk.gradle.plugin.development.version.catalog.accessor.intern.MapperTest" time="0.001"/>
  <testcase name="GIVEN list with group item WHEN map() THEN return list with nested items()" classname="eu.bitfunk.gradle.plugin.development.version.catalog.accessor.intern.MapperTest" time="0.001"/>
  <testcase name="GIVEN list with top level item WHEN map() THEN return top level list()" classname="eu.bitfunk.gradle.plugin.development.version.catalog.accessor.intern.MapperTest" time="0.001"/>
  <testcase name="GIVEN list with mixed items WHEN map() THEN return list with all nested items()" classname="eu.bitfunk.gradle.plugin.development.version.catalog.accessor.intern.MapperTest" time="0.002"/>
  <testcase name="mapper implements contract()" classname="eu.bitfunk.gradle.plugin.development.version.catalog.accessor.intern.MapperTest" time="0.002"/>
  <testcase name="GIVEN list with multiple group items WHEN map() THEN return list with all nested items()" classname="eu.bitfunk.gradle.plugin.development.version.catalog.accessor.intern.MapperTest" time="0.001"/>
  <system-out><![CDATA[]]></system-out>
  <system-err><![CDATA[]]></system-err>
</testsuite>
