<?xml version="1.0" encoding="UTF-8"?>
<testsuite name="eu.bitfunk.gradle.plugin.development.version.catalog.accessor.intern.GeneratorTest" tests="6" skipped="0" failures="0" errors="0" timestamp="2023-02-18T21:32:42" hostname="fv-az454-654" time="0.237">
  <properties/>
  <testcase name="GIVEN catalog with libraries WHEN generate() THEN return accessor with libraries()" classname="eu.bitfunk.gradle.plugin.development.version.catalog.accessor.intern.GeneratorTest" time="0.171"/>
  <testcase name="GIVEN catalog with bundles WHEN generate() THEN return accessor with bundles()" classname="eu.bitfunk.gradle.plugin.development.version.catalog.accessor.intern.GeneratorTest" time="0.016"/>
  <testcase name="GIVEN catalog with plugins WHEN generate() THEN return accessor with plugins()" classname="eu.bitfunk.gradle.plugin.development.version.catalog.accessor.intern.GeneratorTest" time="0.016"/>
  <testcase name="generator implements contract()" classname="eu.bitfunk.gradle.plugin.development.version.catalog.accessor.intern.GeneratorTest" time="0.002"/>
  <testcase name="GIVEN empty catalog WHEN generate() THEN return empty accessor()" classname="eu.bitfunk.gradle.plugin.development.version.catalog.accessor.intern.GeneratorTest" time="0.01"/>
  <testcase name="GIVEN catalog with versions WHEN generate() THEN return accessor with versions()" classname="eu.bitfunk.gradle.plugin.development.version.catalog.accessor.intern.GeneratorTest" time="0.016"/>
  <system-out><![CDATA[]]></system-out>
  <system-err><![CDATA[]]></system-err>
</testsuite>
