<?xml version="1.0" encoding="UTF-8"?>
<testsuite name="eu.bitfunk.gradle.plugin.development.version.catalog.accessor.intern.VersionInterfaceGeneratorTest" tests="2" skipped="0" failures="0" errors="0" timestamp="2023-03-18T15:23:30" hostname="fv-az339-230" time="0.007">
  <properties/>
  <testcase name="generator implements contract()" classname="eu.bitfunk.gradle.plugin.development.version.catalog.accessor.intern.VersionInterfaceGeneratorTest" time="0.002"/>
  <testcase name="GIVEN packageName WHEN generate() THEN()" classname="eu.bitfunk.gradle.plugin.development.version.catalog.accessor.intern.VersionInterfaceGeneratorTest" time="0.004"/>
  <system-out><![CDATA[]]></system-out>
  <system-err><![CDATA[]]></system-err>
</testsuite>
