<?xml version="1.0" encoding="UTF-8"?>
<testsuite name="eu.bitfunk.gradle.plugin.development.version.catalog.accessor.generated.TestVersionCatalogAccessorTest" tests="8" skipped="0" failures="0" errors="0" timestamp="2022-12-21T15:50:39" hostname="fv-az189-385" time="2.262">
  <properties/>
  <testcase name="GIVEN pluginName WHEN findPlugin() THEN return plugin()" classname="eu.bitfunk.gradle.plugin.development.version.catalog.accessor.generated.TestVersionCatalogAccessorTest" time="1.208"/>
  <testcase name="GIVEN invalid library WHEN findLibrary() THEN throw NoSuchElementException()" classname="eu.bitfunk.gradle.plugin.development.version.catalog.accessor.generated.TestVersionCatalogAccessorTest" time="0.007"/>
  <testcase name="GIVEN versionName WHEN findVersion() THEN return version()" classname="eu.bitfunk.gradle.plugin.development.version.catalog.accessor.generated.TestVersionCatalogAccessorTest" time="0.345"/>
  <testcase name="GIVEN bundleName WHEN findBundle() THEN return bundle()" classname="eu.bitfunk.gradle.plugin.development.version.catalog.accessor.generated.TestVersionCatalogAccessorTest" time="0.352"/>
  <testcase name="GIVEN invalid bundle WHEN findBundle() THEN throw NoSuchElementException()" classname="eu.bitfunk.gradle.plugin.development.version.catalog.accessor.generated.TestVersionCatalogAccessorTest" time="0.021"/>
  <testcase name="GIVEN libraryName WHEN findLibrary() THEN return library()" classname="eu.bitfunk.gradle.plugin.development.version.catalog.accessor.generated.TestVersionCatalogAccessorTest" time="0.264"/>
  <testcase name="GIVEN invalid version WHEN findVersion() THEN throw NoSuchElementException()" classname="eu.bitfunk.gradle.plugin.development.version.catalog.accessor.generated.TestVersionCatalogAccessorTest" time="0.012"/>
  <testcase name="GIVEN invalid plugin WHEN findPlugin() THEN throw NoSuchElementException()" classname="eu.bitfunk.gradle.plugin.development.version.catalog.accessor.generated.TestVersionCatalogAccessorTest" time="0.004"/>
  <system-out><![CDATA[]]></system-out>
  <system-err><![CDATA[]]></system-err>
</testsuite>
