<?xml version="1.0" encoding="UTF-8"?>
<testsuite name="eu.bitfunk.gradle.plugin.development.version.catalog.accessor.intern.GeneratorTest" tests="6" skipped="0" failures="0" errors="0" timestamp="2022-12-21T19:26:32" hostname="fv-az589-969" time="0.169">
  <properties/>
  <testcase name="GIVEN catalog with libraries WHEN generate() THEN return accessor with libraries()" classname="eu.bitfunk.gradle.plugin.development.version.catalog.accessor.intern.GeneratorTest" time="0.125"/>
  <testcase name="GIVEN catalog with bundles WHEN generate() THEN return accessor with bundles()" classname="eu.bitfunk.gradle.plugin.development.version.catalog.accessor.intern.GeneratorTest" time="0.012"/>
  <testcase name="GIVEN catalog with plugins WHEN generate() THEN return accessor with plugins()" classname="eu.bitfunk.gradle.plugin.development.version.catalog.accessor.intern.GeneratorTest" time="0.011"/>
  <testcase name="generator implements contract()" classname="eu.bitfunk.gradle.plugin.development.version.catalog.accessor.intern.GeneratorTest" time="0.001"/>
  <testcase name="GIVEN empty catalog WHEN generate() THEN return empty accessor()" classname="eu.bitfunk.gradle.plugin.development.version.catalog.accessor.intern.GeneratorTest" time="0.007"/>
  <testcase name="GIVEN catalog with versions WHEN generate() THEN return accessor with versions()" classname="eu.bitfunk.gradle.plugin.development.version.catalog.accessor.intern.GeneratorTest" time="0.011"/>
  <system-out><![CDATA[]]></system-out>
  <system-err><![CDATA[]]></system-err>
</testsuite>
