<?xml version="1.0" encoding="UTF-8"?>
<testsuite name="eu.bitfunk.gradle.plugin.quality.formatter.FormatterPluginFunctionalTest" tests="5" skipped="0" failures="0" errors="0" timestamp="2022-12-07T18:31:23" hostname="fv-az265-161" time="296.563">
  <properties/>
  <testcase name="GIVEN incorrect kotlin files in special folder WHEN spotlessCheck THEN success()" classname="eu.bitfunk.gradle.plugin.quality.formatter.FormatterPluginFunctionalTest" time="260.293"/>
  <testcase name="GIVEN incorrect kotlin gradle file WHEN spotlessCheck THEN failure ()" classname="eu.bitfunk.gradle.plugin.quality.formatter.FormatterPluginFunctionalTest" time="7.566"/>
  <testcase name="GIVEN correct kotlin gradle file WHEN spotlessCheck THEN success ()" classname="eu.bitfunk.gradle.plugin.quality.formatter.FormatterPluginFunctionalTest" time="7.224"/>
  <testcase name="GIVEN incorrect kotlin file WHEN spotlessCheck THEN failure()" classname="eu.bitfunk.gradle.plugin.quality.formatter.FormatterPluginFunctionalTest" time="13.862"/>
  <testcase name="GIVEN correct kotlin file WHEN spotlessCheck THEN success()" classname="eu.bitfunk.gradle.plugin.quality.formatter.FormatterPluginFunctionalTest" time="7.536"/>
  <system-out><![CDATA[]]></system-out>
  <system-err><![CDATA[]]></system-err>
</testsuite>
