<?xml version="1.0" encoding="UTF-8"?>
<testsuite name="eu.bitfunk.gradle.plugin.quality.formatter.FormatterPluginTest" tests="5" skipped="0" failures="0" errors="0" timestamp="2023-03-04T15:01:47" hostname="fv-az574-470" time="45.071">
  <properties/>
  <testcase name="GIVEN project WHEN addPlugins() THEN plugins added()" classname="eu.bitfunk.gradle.plugin.quality.formatter.FormatterPluginTest" time="22.751"/>
  <testcase name="plugin_implements_contract()" classname="eu.bitfunk.gradle.plugin.quality.formatter.FormatterPluginTest" time="0.18"/>
  <testcase name="GIVEN project WHEN addRepository() THEN mavenCentral available()" classname="eu.bitfunk.gradle.plugin.quality.formatter.FormatterPluginTest" time="12.0"/>
  <testcase name="GIVEN project WHEN apply() THEN all configured()" classname="eu.bitfunk.gradle.plugin.quality.formatter.FormatterPluginTest" time="2.215"/>
  <testcase name="GIVEN project WHEN configureFormatter() THEN formatter configured()" classname="eu.bitfunk.gradle.plugin.quality.formatter.FormatterPluginTest" time="7.782"/>
  <system-out><![CDATA[]]></system-out>
  <system-err><![CDATA[]]></system-err>
</testsuite>
