<?xml version="1.0" encoding="UTF-8"?>
<testsuite name="eu.bitfunk.gradle.plugin.quality.formatter.FormatterPluginTest" tests="5" skipped="0" failures="0" errors="0" timestamp="2023-02-17T23:42:30" hostname="fv-az451-622" time="20.956">
  <properties/>
  <testcase name="GIVEN project WHEN addPlugins() THEN plugins added()" classname="eu.bitfunk.gradle.plugin.quality.formatter.FormatterPluginTest" time="9.231"/>
  <testcase name="plugin_implements_contract()" classname="eu.bitfunk.gradle.plugin.quality.formatter.FormatterPluginTest" time="0.08"/>
  <testcase name="GIVEN project WHEN addRepository() THEN mavenCentral available()" classname="eu.bitfunk.gradle.plugin.quality.formatter.FormatterPluginTest" time="6.047"/>
  <testcase name="GIVEN project WHEN apply() THEN all configured()" classname="eu.bitfunk.gradle.plugin.quality.formatter.FormatterPluginTest" time="1.418"/>
  <testcase name="GIVEN project WHEN configureFormatter() THEN formatter configured()" classname="eu.bitfunk.gradle.plugin.quality.formatter.FormatterPluginTest" time="4.141"/>
  <system-out><![CDATA[]]></system-out>
  <system-err><![CDATA[]]></system-err>
</testsuite>
