<?xml version="1.0" encoding="UTF-8"?>
<testsuite name="eu.bitfunk.gradle.plugin.quality.formatter.FormatterPluginFunctionalTest" tests="5" skipped="0" failures="0" errors="0" timestamp="2022-12-21T15:44:06" hostname="fv-az189-385" time="211.305">
  <properties/>
  <testcase name="GIVEN incorrect kotlin files in special folder WHEN spotlessCheck THEN success()" classname="eu.bitfunk.gradle.plugin.quality.formatter.FormatterPluginFunctionalTest" time="188.351"/>
  <testcase name="GIVEN incorrect kotlin gradle file WHEN spotlessCheck THEN failure ()" classname="eu.bitfunk.gradle.plugin.quality.formatter.FormatterPluginFunctionalTest" time="5.738"/>
  <testcase name="GIVEN correct kotlin gradle file WHEN spotlessCheck THEN success ()" classname="eu.bitfunk.gradle.plugin.quality.formatter.FormatterPluginFunctionalTest" time="4.488"/>
  <testcase name="GIVEN incorrect kotlin file WHEN spotlessCheck THEN failure()" classname="eu.bitfunk.gradle.plugin.quality.formatter.FormatterPluginFunctionalTest" time="8.489"/>
  <testcase name="GIVEN correct kotlin file WHEN spotlessCheck THEN success()" classname="eu.bitfunk.gradle.plugin.quality.formatter.FormatterPluginFunctionalTest" time="4.22"/>
  <system-out><![CDATA[]]></system-out>
  <system-err><![CDATA[]]></system-err>
</testsuite>
