<?xml version="1.0" encoding="UTF-8"?>
<testsuite name="eu.bitfunk.gradle.plugin.development.test.util.GradleActionMockKtTest" tests="2" skipped="0" failures="0" errors="0" timestamp="2022-12-08T22:55:35" hostname="fv-az338-964" time="30.229">
  <properties/>
  <testcase name="GIVEN project WHEN stubGradleActionWithReturn THEN action executed and returns()" classname="eu.bitfunk.gradle.plugin.development.test.util.GradleActionMockKtTest" time="29.323"/>
  <testcase name="GIVEN project WHEN stubGradleAction THEN action executed()" classname="eu.bitfunk.gradle.plugin.development.test.util.GradleActionMockKtTest" time="0.898"/>
  <system-out><![CDATA[]]></system-out>
  <system-err><![CDATA[]]></system-err>
</testsuite>
