<?xml version="1.0" encoding="UTF-8"?>
<testsuite name="eu.bitfunk.gradle.plugin.development.test.util.GradleActionMockKtTest" tests="2" skipped="0" failures="0" errors="0" timestamp="2023-02-18T21:23:07" hostname="fv-az454-654" time="39.659">
  <properties/>
  <testcase name="GIVEN project WHEN stubGradleActionWithReturn THEN action executed and returns()" classname="eu.bitfunk.gradle.plugin.development.test.util.GradleActionMockKtTest" time="38.201"/>
  <testcase name="GIVEN project WHEN stubGradleAction THEN action executed()" classname="eu.bitfunk.gradle.plugin.development.test.util.GradleActionMockKtTest" time="1.449"/>
  <system-out><![CDATA[]]></system-out>
  <system-err><![CDATA[]]></system-err>
</testsuite>
