<?xml version="1.0" encoding="UTF-8"?>
<testsuite name="eu.bitfunk.gradle.plugin.development.test.util.GradleActionMockKtTest" tests="2" skipped="0" failures="0" errors="0" timestamp="2023-09-08T23:12:16" hostname="fv-az465-852" time="34.732">
  <properties/>
  <testcase name="GIVEN project WHEN stubGradleActionWithReturn THEN action executed and returns()" classname="eu.bitfunk.gradle.plugin.development.test.util.GradleActionMockKtTest" time="33.558"/>
  <testcase name="GIVEN project WHEN stubGradleAction THEN action executed()" classname="eu.bitfunk.gradle.plugin.development.test.util.GradleActionMockKtTest" time="1.16"/>
  <system-out><![CDATA[]]></system-out>
  <system-err><![CDATA[]]></system-err>
</testsuite>
