<?xml version="1.0" encoding="UTF-8"?>
<testsuite name="eu.bitfunk.gradle.plugin.tool.gitversion.GitVersionLoaderCornerCaseTest" tests="1" skipped="0" failures="0" errors="0" timestamp="2022-12-21T15:44:43" hostname="fv-az189-385" time="20.23">
  <properties/>
  <testcase name="GIVEN no tag and special commit number WHEN loadGitVersionInfo THEN version is hash()" classname="eu.bitfunk.gradle.plugin.tool.gitversion.GitVersionLoaderCornerCaseTest" time="20.23"/>
  <system-out><![CDATA[]]></system-out>
  <system-err><![CDATA[]]></system-err>
</testsuite>
