<?xml version="1.0" encoding="UTF-8"?>
<testsuite name="eu.bitfunk.gradle.plugin.tool.gitversion.internal.git.GitLoaderTest" tests="8" skipped="0" failures="0" errors="0" timestamp="2023-02-18T14:07:27" hostname="fv-az251-894" time="0.946">
  <properties/>
  <testcase name="GIVEN project is wrong linebreak git submodule WHEN load THEN return git()" classname="eu.bitfunk.gradle.plugin.tool.gitversion.internal.git.GitLoaderTest" time="0.024"/>
  <testcase name="GIVEN project is no git submodule WHEN load THEN return git()" classname="eu.bitfunk.gradle.plugin.tool.gitversion.internal.git.GitLoaderTest" time="0.031"/>
  <testcase name="GIVEN project is git submodule WHEN load THEN return git()" classname="eu.bitfunk.gradle.plugin.tool.gitversion.internal.git.GitLoaderTest" time="0.737"/>
  <testcase name="GIVEN project with git WHEN load THEN return git()" classname="eu.bitfunk.gradle.plugin.tool.gitversion.internal.git.GitLoaderTest" time="0.02"/>
  <testcase name="GIVEN project without git WHEN load() THEN fail with exception()" classname="eu.bitfunk.gradle.plugin.tool.gitversion.internal.git.GitLoaderTest" time="0.001"/>
  <testcase name="implements contract()" classname="eu.bitfunk.gradle.plugin.tool.gitversion.internal.git.GitLoaderTest" time="0.0"/>
  <testcase name="GIVEN project is absolute git submodule WHEN load THEN return git()" classname="eu.bitfunk.gradle.plugin.tool.gitversion.internal.git.GitLoaderTest" time="0.096"/>
  <testcase name="GIVEN project is wrong spacing git submodule WHEN load THEN return git()" classname="eu.bitfunk.gradle.plugin.tool.gitversion.internal.git.GitLoaderTest" time="0.023"/>
  <system-out><![CDATA[]]></system-out>
  <system-err><![CDATA[]]></system-err>
</testsuite>
