<?xml version="1.0" encoding="UTF-8"?>
<testsuite name="eu.bitfunk.gradle.plugin.tool.gitversion.GitVersionPluginFunctionalTest" tests="22" skipped="0" failures="0" errors="0" timestamp="2022-12-07T14:31:16" hostname="fv-az206-560" time="212.071">
  <properties/>
  <testcase name="git describe works when git repo is multiple levels up()" classname="eu.bitfunk.gradle.plugin.tool.gitversion.GitVersionPluginFunctionalTest" time="166.163"/>
  <testcase name="GIVEN multiple unannotated tags on same commit WHEN describe THEN not tag is chosen()" classname="eu.bitfunk.gradle.plugin.tool.gitversion.GitVersionPluginFunctionalTest" time="6.488"/>
  <testcase name="version filters out tags not matching prefix and strips prefix()" classname="eu.bitfunk.gradle.plugin.tool.gitversion.GitVersionPluginFunctionalTest" time="5.103"/>
  <testcase name="GIVEN lightweight tag WHEN describe THEN tag is ignored()" classname="eu.bitfunk.gradle.plugin.tool.gitversion.GitVersionPluginFunctionalTest" time="0.718"/>
  <testcase name="test tag set on deep commit()" classname="eu.bitfunk.gradle.plugin.tool.gitversion.GitVersionPluginFunctionalTest" time="2.972"/>
  <testcase name="git describe and dirty when annotated tag is present and dirty content()" classname="eu.bitfunk.gradle.plugin.tool.gitversion.GitVersionPluginFunctionalTest" time="0.647"/>
  <testcase name="test multiple tags on same commit - annotated tag is chosen()" classname="eu.bitfunk.gradle.plugin.tool.gitversion.GitVersionPluginFunctionalTest" time="0.577"/>
  <testcase name="version details can be accessed using extra properties method()" classname="eu.bitfunk.gradle.plugin.tool.gitversion.GitVersionPluginFunctionalTest" time="3.849"/>
  <testcase name="git describe when annotated tag is present after merge commit()" classname="eu.bitfunk.gradle.plugin.tool.gitversion.GitVersionPluginFunctionalTest" time="1.277"/>
  <testcase name="git describe when annotated tag is present with merge commit()" classname="eu.bitfunk.gradle.plugin.tool.gitversion.GitVersionPluginFunctionalTest" time="0.584"/>
  <testcase name="test multiple tags on same commit - most recent annotated tag()" classname="eu.bitfunk.gradle.plugin.tool.gitversion.GitVersionPluginFunctionalTest" time="1.124"/>
  <testcase name="version details when detached HEAD mode()" classname="eu.bitfunk.gradle.plugin.tool.gitversion.GitVersionPluginFunctionalTest" time="3.778"/>
  <testcase name="git version can be applied on sub modules()" classname="eu.bitfunk.gradle.plugin.tool.gitversion.GitVersionPluginFunctionalTest" time="4.0"/>
  <testcase name="isCleanTag should be false when repo dirty on a tag checkout()" classname="eu.bitfunk.gradle.plugin.tool.gitversion.GitVersionPluginFunctionalTest" time="3.689"/>
  <testcase name="git describe when annotated tag is present()" classname="eu.bitfunk.gradle.plugin.tool.gitversion.GitVersionPluginFunctionalTest" time="0.755"/>
  <testcase name="GIVEN project without git folder WHEN plugin applied THEN fail with exception()" classname="eu.bitfunk.gradle.plugin.tool.gitversion.GitVersionPluginFunctionalTest" time="1.5"/>
  <testcase name="unspecified when no tags are present()" classname="eu.bitfunk.gradle.plugin.tool.gitversion.GitVersionPluginFunctionalTest" time="0.581"/>
  <testcase name="git describe with commit after annotated tag()" classname="eu.bitfunk.gradle.plugin.tool.gitversion.GitVersionPluginFunctionalTest" time="0.639"/>
  <testcase name="GIVEN commit after lightweight tag WHEN describe THEN tag ignored()" classname="eu.bitfunk.gradle.plugin.tool.gitversion.GitVersionPluginFunctionalTest" time="0.62"/>
  <testcase name="version details when commit distance to tag is greater 0()" classname="eu.bitfunk.gradle.plugin.tool.gitversion.GitVersionPluginFunctionalTest" time="3.846"/>
  <testcase name="version details on commit with a tag()" classname="eu.bitfunk.gradle.plugin.tool.gitversion.GitVersionPluginFunctionalTest" time="0.519"/>
  <testcase name="test subproject version()" classname="eu.bitfunk.gradle.plugin.tool.gitversion.GitVersionPluginFunctionalTest" time="2.564"/>
  <system-out><![CDATA[]]></system-out>
  <system-err><![CDATA[]]></system-err>
</testsuite>
