<?xml version="1.0" encoding="UTF-8"?>
<testsuite name="eu.bitfunk.gradle.plugin.tool.gitversion.ProjectExtensionKtTest" tests="2" skipped="0" failures="0" errors="0" timestamp="2022-12-07T18:38:41" hostname="fv-az265-161" time="0.082">
  <properties/>
  <testcase name="GIVEN project WHEN gitVersion() THEN gitVersion returned()" classname="eu.bitfunk.gradle.plugin.tool.gitversion.ProjectExtensionKtTest" time="0.016"/>
  <testcase name="GIVEN project WHEN gitVersionInfo() THEN gitVersionInfo returned()" classname="eu.bitfunk.gradle.plugin.tool.gitversion.ProjectExtensionKtTest" time="0.057"/>
  <system-out><![CDATA[]]></system-out>
  <system-err><![CDATA[]]></system-err>
</testsuite>
