<?xml version="1.0" encoding="UTF-8"?>
<testsuite name="eu.bitfunk.gradle.plugin.tool.gitversion.GitVersionPluginFunctionalTest" tests="22" skipped="0" failures="0" errors="0" timestamp="2023-03-04T14:58:43" hostname="fv-az574-470" time="316.309">
  <properties/>
  <testcase name="git describe works when git repo is multiple levels up()" classname="eu.bitfunk.gradle.plugin.tool.gitversion.GitVersionPluginFunctionalTest" time="258.595"/>
  <testcase name="GIVEN multiple unannotated tags on same commit WHEN describe THEN not tag is chosen()" classname="eu.bitfunk.gradle.plugin.tool.gitversion.GitVersionPluginFunctionalTest" time="9.286"/>
  <testcase name="version filters out tags not matching prefix and strips prefix()" classname="eu.bitfunk.gradle.plugin.tool.gitversion.GitVersionPluginFunctionalTest" time="5.252"/>
  <testcase name="GIVEN lightweight tag WHEN describe THEN tag is ignored()" classname="eu.bitfunk.gradle.plugin.tool.gitversion.GitVersionPluginFunctionalTest" time="0.897"/>
  <testcase name="test tag set on deep commit()" classname="eu.bitfunk.gradle.plugin.tool.gitversion.GitVersionPluginFunctionalTest" time="4.102"/>
  <testcase name="git describe and dirty when annotated tag is present and dirty content()" classname="eu.bitfunk.gradle.plugin.tool.gitversion.GitVersionPluginFunctionalTest" time="0.953"/>
  <testcase name="test multiple tags on same commit - annotated tag is chosen()" classname="eu.bitfunk.gradle.plugin.tool.gitversion.GitVersionPluginFunctionalTest" time="0.896"/>
  <testcase name="version details can be accessed using extra properties method()" classname="eu.bitfunk.gradle.plugin.tool.gitversion.GitVersionPluginFunctionalTest" time="4.506"/>
  <testcase name="git describe when annotated tag is present after merge commit()" classname="eu.bitfunk.gradle.plugin.tool.gitversion.GitVersionPluginFunctionalTest" time="1.632"/>
  <testcase name="git describe when annotated tag is present with merge commit()" classname="eu.bitfunk.gradle.plugin.tool.gitversion.GitVersionPluginFunctionalTest" time="0.827"/>
  <testcase name="test multiple tags on same commit - most recent annotated tag()" classname="eu.bitfunk.gradle.plugin.tool.gitversion.GitVersionPluginFunctionalTest" time="1.621"/>
  <testcase name="version details when detached HEAD mode()" classname="eu.bitfunk.gradle.plugin.tool.gitversion.GitVersionPluginFunctionalTest" time="5.13"/>
  <testcase name="git version can be applied on sub modules()" classname="eu.bitfunk.gradle.plugin.tool.gitversion.GitVersionPluginFunctionalTest" time="5.292"/>
  <testcase name="isCleanTag should be false when repo dirty on a tag checkout()" classname="eu.bitfunk.gradle.plugin.tool.gitversion.GitVersionPluginFunctionalTest" time="3.788"/>
  <testcase name="git describe when annotated tag is present()" classname="eu.bitfunk.gradle.plugin.tool.gitversion.GitVersionPluginFunctionalTest" time="0.656"/>
  <testcase name="GIVEN project without git folder WHEN plugin applied THEN fail with exception()" classname="eu.bitfunk.gradle.plugin.tool.gitversion.GitVersionPluginFunctionalTest" time="1.951"/>
  <testcase name="unspecified when no tags are present()" classname="eu.bitfunk.gradle.plugin.tool.gitversion.GitVersionPluginFunctionalTest" time="0.779"/>
  <testcase name="git describe with commit after annotated tag()" classname="eu.bitfunk.gradle.plugin.tool.gitversion.GitVersionPluginFunctionalTest" time="1.008"/>
  <testcase name="GIVEN commit after lightweight tag WHEN describe THEN tag ignored()" classname="eu.bitfunk.gradle.plugin.tool.gitversion.GitVersionPluginFunctionalTest" time="0.773"/>
  <testcase name="version details when commit distance to tag is greater 0()" classname="eu.bitfunk.gradle.plugin.tool.gitversion.GitVersionPluginFunctionalTest" time="4.126"/>
  <testcase name="version details on commit with a tag()" classname="eu.bitfunk.gradle.plugin.tool.gitversion.GitVersionPluginFunctionalTest" time="0.549"/>
  <testcase name="test subproject version()" classname="eu.bitfunk.gradle.plugin.tool.gitversion.GitVersionPluginFunctionalTest" time="3.571"/>
  <system-out><![CDATA[Log:
id: commit fc94b122eac6768893f7de016c194c6f8152cef7 1677942209 -----sp message: merge commit
id: commit e7e51d48ad373411308d914b46145e7a7dca8ef3 1677942209 -----sp message: initial commit
id: commit 5835aa88bbc2522eb6ea2ca5eff7edccc21ea75d 1677942209 -----sp message: hot fix for issue
]]></system-out>
  <system-err><![CDATA[]]></system-err>
</testsuite>
