<?xml version="1.0" encoding="UTF-8"?>
<testsuite name="eu.bitfunk.gradle.plugin.tool.gitversion.internal.git.GitLoaderTest" tests="8" skipped="0" failures="0" errors="0" timestamp="2022-12-22T18:28:43" hostname="fv-az301-732" time="0.903">
  <properties/>
  <testcase name="GIVEN project is wrong linebreak git submodule WHEN load THEN return git()" classname="eu.bitfunk.gradle.plugin.tool.gitversion.internal.git.GitLoaderTest" time="0.016"/>
  <testcase name="GIVEN project is no git submodule WHEN load THEN return git()" classname="eu.bitfunk.gradle.plugin.tool.gitversion.internal.git.GitLoaderTest" time="0.013"/>
  <testcase name="GIVEN project is git submodule WHEN load THEN return git()" classname="eu.bitfunk.gradle.plugin.tool.gitversion.internal.git.GitLoaderTest" time="0.701"/>
  <testcase name="GIVEN project with git WHEN load THEN return git()" classname="eu.bitfunk.gradle.plugin.tool.gitversion.internal.git.GitLoaderTest" time="0.018"/>
  <testcase name="GIVEN project without git WHEN load() THEN fail with exception()" classname="eu.bitfunk.gradle.plugin.tool.gitversion.internal.git.GitLoaderTest" time="0.004"/>
  <testcase name="implements contract()" classname="eu.bitfunk.gradle.plugin.tool.gitversion.internal.git.GitLoaderTest" time="0.001"/>
  <testcase name="GIVEN project is absolute git submodule WHEN load THEN return git()" classname="eu.bitfunk.gradle.plugin.tool.gitversion.internal.git.GitLoaderTest" time="0.09"/>
  <testcase name="GIVEN project is wrong spacing git submodule WHEN load THEN return git()" classname="eu.bitfunk.gradle.plugin.tool.gitversion.internal.git.GitLoaderTest" time="0.02"/>
  <system-out><![CDATA[]]></system-out>
  <system-err><![CDATA[]]></system-err>
</testsuite>
