<?xml version="1.0" encoding="UTF-8"?>
<testsuite name="eu.bitfunk.gradle.plugin.tool.gitversion.GitVersionPluginFunctionalTest" tests="22" skipped="0" failures="0" errors="0" timestamp="2022-12-07T21:59:53" hostname="fv-az302-653" time="207.37">
  <properties/>
  <testcase name="git describe works when git repo is multiple levels up()" classname="eu.bitfunk.gradle.plugin.tool.gitversion.GitVersionPluginFunctionalTest" time="165.847"/>
  <testcase name="GIVEN multiple unannotated tags on same commit WHEN describe THEN not tag is chosen()" classname="eu.bitfunk.gradle.plugin.tool.gitversion.GitVersionPluginFunctionalTest" time="5.166"/>
  <testcase name="version filters out tags not matching prefix and strips prefix()" classname="eu.bitfunk.gradle.plugin.tool.gitversion.GitVersionPluginFunctionalTest" time="4.277"/>
  <testcase name="GIVEN lightweight tag WHEN describe THEN tag is ignored()" classname="eu.bitfunk.gradle.plugin.tool.gitversion.GitVersionPluginFunctionalTest" time="0.658"/>
  <testcase name="test tag set on deep commit()" classname="eu.bitfunk.gradle.plugin.tool.gitversion.GitVersionPluginFunctionalTest" time="2.773"/>
  <testcase name="git describe and dirty when annotated tag is present and dirty content()" classname="eu.bitfunk.gradle.plugin.tool.gitversion.GitVersionPluginFunctionalTest" time="0.646"/>
  <testcase name="test multiple tags on same commit - annotated tag is chosen()" classname="eu.bitfunk.gradle.plugin.tool.gitversion.GitVersionPluginFunctionalTest" time="0.53"/>
  <testcase name="version details can be accessed using extra properties method()" classname="eu.bitfunk.gradle.plugin.tool.gitversion.GitVersionPluginFunctionalTest" time="3.335"/>
  <testcase name="git describe when annotated tag is present after merge commit()" classname="eu.bitfunk.gradle.plugin.tool.gitversion.GitVersionPluginFunctionalTest" time="0.977"/>
  <testcase name="git describe when annotated tag is present with merge commit()" classname="eu.bitfunk.gradle.plugin.tool.gitversion.GitVersionPluginFunctionalTest" time="0.658"/>
  <testcase name="test multiple tags on same commit - most recent annotated tag()" classname="eu.bitfunk.gradle.plugin.tool.gitversion.GitVersionPluginFunctionalTest" time="0.864"/>
  <testcase name="version details when detached HEAD mode()" classname="eu.bitfunk.gradle.plugin.tool.gitversion.GitVersionPluginFunctionalTest" time="3.593"/>
  <testcase name="git version can be applied on sub modules()" classname="eu.bitfunk.gradle.plugin.tool.gitversion.GitVersionPluginFunctionalTest" time="3.813"/>
  <testcase name="isCleanTag should be false when repo dirty on a tag checkout()" classname="eu.bitfunk.gradle.plugin.tool.gitversion.GitVersionPluginFunctionalTest" time="3.14"/>
  <testcase name="git describe when annotated tag is present()" classname="eu.bitfunk.gradle.plugin.tool.gitversion.GitVersionPluginFunctionalTest" time="0.516"/>
  <testcase name="GIVEN project without git folder WHEN plugin applied THEN fail with exception()" classname="eu.bitfunk.gradle.plugin.tool.gitversion.GitVersionPluginFunctionalTest" time="1.342"/>
  <testcase name="unspecified when no tags are present()" classname="eu.bitfunk.gradle.plugin.tool.gitversion.GitVersionPluginFunctionalTest" time="0.444"/>
  <testcase name="git describe with commit after annotated tag()" classname="eu.bitfunk.gradle.plugin.tool.gitversion.GitVersionPluginFunctionalTest" time="0.491"/>
  <testcase name="GIVEN commit after lightweight tag WHEN describe THEN tag ignored()" classname="eu.bitfunk.gradle.plugin.tool.gitversion.GitVersionPluginFunctionalTest" time="0.521"/>
  <testcase name="version details when commit distance to tag is greater 0()" classname="eu.bitfunk.gradle.plugin.tool.gitversion.GitVersionPluginFunctionalTest" time="4.169"/>
  <testcase name="version details on commit with a tag()" classname="eu.bitfunk.gradle.plugin.tool.gitversion.GitVersionPluginFunctionalTest" time="0.535"/>
  <testcase name="test subproject version()" classname="eu.bitfunk.gradle.plugin.tool.gitversion.GitVersionPluginFunctionalTest" time="3.002"/>
  <system-out><![CDATA[]]></system-out>
  <system-err><![CDATA[]]></system-err>
</testsuite>
