<?xml version="1.0" encoding="UTF-8"?>
<testsuite name="eu.bitfunk.gradle.plugin.tool.gitversion.GitVersionLoaderCornerCaseTest" tests="1" skipped="0" failures="0" errors="0" timestamp="2022-12-21T18:52:10" hostname="fv-az298-875" time="22.095">
  <properties/>
  <testcase name="GIVEN no tag and special commit number WHEN loadGitVersionInfo THEN version is hash()" classname="eu.bitfunk.gradle.plugin.tool.gitversion.GitVersionLoaderCornerCaseTest" time="22.095"/>
  <system-out><![CDATA[]]></system-out>
  <system-err><![CDATA[]]></system-err>
</testsuite>
