<?xml version="1.0" encoding="UTF-8"?>
<testsuite name="eu.bitfunk.gradle.plugin.tool.gitversion.GitVersionPluginTest" tests="5" skipped="0" failures="0" errors="0" timestamp="2022-12-07T14:34:49" hostname="fv-az206-560" time="47.557">
  <properties/>
  <testcase name="GIVEN project WHEN configureVersionTasks() THEN version tasks configured()" classname="eu.bitfunk.gradle.plugin.tool.gitversion.GitVersionPluginTest" time="43.169"/>
  <testcase name="GIVEN project with plugin WHEN addExtension() THEN extension is added to project with defaults()" classname="eu.bitfunk.gradle.plugin.tool.gitversion.GitVersionPluginTest" time="2.001"/>
  <testcase name="implements contract()" classname="eu.bitfunk.gradle.plugin.tool.gitversion.GitVersionPluginTest" time="0.014"/>
  <testcase name="GIVEN project WHEN apply() THEN all configured()" classname="eu.bitfunk.gradle.plugin.tool.gitversion.GitVersionPluginTest" time="1.974"/>
  <testcase name="GIVEN project WHEN addExtraProperties() THEN properties available()" classname="eu.bitfunk.gradle.plugin.tool.gitversion.GitVersionPluginTest" time="0.33"/>
  <system-out><![CDATA[gitVersion

0




false
0
]]></system-out>
  <system-err><![CDATA[]]></system-err>
</testsuite>
