<?xml version="1.0" encoding="UTF-8"?>
<testsuite name="eu.bitfunk.gradle.plugin.tool.gitversion.ProjectExtensionKtTest" tests="2" skipped="0" failures="0" errors="0" timestamp="2023-03-12T10:37:31" hostname="fv-az449-12" time="0.065">
  <properties/>
  <testcase name="GIVEN project WHEN gitVersion() THEN gitVersion returned()" classname="eu.bitfunk.gradle.plugin.tool.gitversion.ProjectExtensionKtTest" time="0.034"/>
  <testcase name="GIVEN project WHEN gitVersionInfo() THEN gitVersionInfo returned()" classname="eu.bitfunk.gradle.plugin.tool.gitversion.ProjectExtensionKtTest" time="0.025"/>
  <system-out><![CDATA[]]></system-out>
  <system-err><![CDATA[]]></system-err>
</testsuite>
