<?xml version="1.0" encoding="UTF-8"?>
<testsuite name="eu.bitfunk.gradle.plugin.tool.gitversion.GitVersionLoaderCornerCaseTest" tests="1" skipped="0" failures="0" errors="0" timestamp="2022-12-21T19:09:11" hostname="fv-az988-330" time="20.229">
  <properties/>
  <testcase name="GIVEN no tag and special commit number WHEN loadGitVersionInfo THEN version is hash()" classname="eu.bitfunk.gradle.plugin.tool.gitversion.GitVersionLoaderCornerCaseTest" time="20.229"/>
  <system-out><![CDATA[]]></system-out>
  <system-err><![CDATA[]]></system-err>
</testsuite>
