<?xml version="1.0" encoding="UTF-8"?>
<testsuite name="eu.bitfunk.gradle.plugin.tool.gitversion.internal.git.GitLoaderTest" tests="8" skipped="0" failures="0" errors="0" timestamp="2023-03-04T15:04:32" hostname="fv-az574-470" time="1.262">
  <properties/>
  <testcase name="GIVEN project is wrong linebreak git submodule WHEN load THEN return git()" classname="eu.bitfunk.gradle.plugin.tool.gitversion.internal.git.GitLoaderTest" time="0.028"/>
  <testcase name="GIVEN project is no git submodule WHEN load THEN return git()" classname="eu.bitfunk.gradle.plugin.tool.gitversion.internal.git.GitLoaderTest" time="0.027"/>
  <testcase name="GIVEN project is git submodule WHEN load THEN return git()" classname="eu.bitfunk.gradle.plugin.tool.gitversion.internal.git.GitLoaderTest" time="0.911"/>
  <testcase name="GIVEN project with git WHEN load THEN return git()" classname="eu.bitfunk.gradle.plugin.tool.gitversion.internal.git.GitLoaderTest" time="0.032"/>
  <testcase name="GIVEN project without git WHEN load() THEN fail with exception()" classname="eu.bitfunk.gradle.plugin.tool.gitversion.internal.git.GitLoaderTest" time="0.015"/>
  <testcase name="implements contract()" classname="eu.bitfunk.gradle.plugin.tool.gitversion.internal.git.GitLoaderTest" time="0.001"/>
  <testcase name="GIVEN project is absolute git submodule WHEN load THEN return git()" classname="eu.bitfunk.gradle.plugin.tool.gitversion.internal.git.GitLoaderTest" time="0.209"/>
  <testcase name="GIVEN project is wrong spacing git submodule WHEN load THEN return git()" classname="eu.bitfunk.gradle.plugin.tool.gitversion.internal.git.GitLoaderTest" time="0.034"/>
  <system-out><![CDATA[]]></system-out>
  <system-err><![CDATA[]]></system-err>
</testsuite>
