<?xml version="1.0" encoding="UTF-8"?>
<testsuite name="eu.bitfunk.gradle.plugin.tool.gitversion.internal.git.GitDescribeTest" tests="9" skipped="0" failures="0" errors="0" timestamp="2023-03-12T10:37:31" hostname="fv-az449-12" time="2.391">
  <properties/>
  <testcase name="GIVEN multiple tags with some having prefix WHEN describe() THEN only tag with prefix is shown()" classname="eu.bitfunk.gradle.plugin.tool.gitversion.internal.git.GitDescribeTest" time="0.162"/>
  <testcase name="GIVEN no tag WHEN describe THEN describe is hash()" classname="eu.bitfunk.gradle.plugin.tool.gitversion.internal.git.GitDescribeTest" time="0.068"/>
  <testcase name="GIVEN annotated tag is present with merge commit WHEN describe() THEN annotated tag is chosen()" classname="eu.bitfunk.gradle.plugin.tool.gitversion.internal.git.GitDescribeTest" time="0.22"/>
  <testcase name="GIVEN with tag and no additional commit WHEN describe THEN describe is tag()" classname="eu.bitfunk.gradle.plugin.tool.gitversion.internal.git.GitDescribeTest" time="0.081"/>
  <testcase name="GIVEN with tag and additional commit WHEN describe() THEN count up by one()" classname="eu.bitfunk.gradle.plugin.tool.gitversion.internal.git.GitDescribeTest" time="0.097"/>
  <testcase name="implements contract()" classname="eu.bitfunk.gradle.plugin.tool.gitversion.internal.git.GitDescribeTest" time="0.002"/>
  <testcase name="GIVEN multiple tags on same commit WHEN describe() THEN annotated tag is chosen()" classname="eu.bitfunk.gradle.plugin.tool.gitversion.internal.git.GitDescribeTest" time="0.102"/>
  <testcase name="GIVEN tag set on deep commit WHEN describe() THEN return description()" classname="eu.bitfunk.gradle.plugin.tool.gitversion.internal.git.GitDescribeTest" time="1.577"/>
  <testcase name="GIVEN empty repository WHEN describe THEN describe is empty()" classname="eu.bitfunk.gradle.plugin.tool.gitversion.internal.git.GitDescribeTest" time="0.04"/>
  <system-out><![CDATA[]]></system-out>
  <system-err><![CDATA[]]></system-err>
</testsuite>
