<?xml version="1.0" encoding="UTF-8"?>
<testsuite name="eu.bitfunk.gradle.plugin.tool.gitversion.internal.git.GitDescribeTest" tests="9" skipped="0" failures="0" errors="0" timestamp="2023-02-17T23:27:30" hostname="fv-az173-156" time="1.629">
  <properties/>
  <testcase name="GIVEN multiple tags with some having prefix WHEN describe() THEN only tag with prefix is shown()" classname="eu.bitfunk.gradle.plugin.tool.gitversion.internal.git.GitDescribeTest" time="0.123"/>
  <testcase name="GIVEN no tag WHEN describe THEN describe is hash()" classname="eu.bitfunk.gradle.plugin.tool.gitversion.internal.git.GitDescribeTest" time="0.038"/>
  <testcase name="GIVEN annotated tag is present with merge commit WHEN describe() THEN annotated tag is chosen()" classname="eu.bitfunk.gradle.plugin.tool.gitversion.internal.git.GitDescribeTest" time="0.149"/>
  <testcase name="GIVEN with tag and no additional commit WHEN describe THEN describe is tag()" classname="eu.bitfunk.gradle.plugin.tool.gitversion.internal.git.GitDescribeTest" time="0.062"/>
  <testcase name="GIVEN with tag and additional commit WHEN describe() THEN count up by one()" classname="eu.bitfunk.gradle.plugin.tool.gitversion.internal.git.GitDescribeTest" time="0.058"/>
  <testcase name="implements contract()" classname="eu.bitfunk.gradle.plugin.tool.gitversion.internal.git.GitDescribeTest" time="0.002"/>
  <testcase name="GIVEN multiple tags on same commit WHEN describe() THEN annotated tag is chosen()" classname="eu.bitfunk.gradle.plugin.tool.gitversion.internal.git.GitDescribeTest" time="0.057"/>
  <testcase name="GIVEN tag set on deep commit WHEN describe() THEN return description()" classname="eu.bitfunk.gradle.plugin.tool.gitversion.internal.git.GitDescribeTest" time="1.066"/>
  <testcase name="GIVEN empty repository WHEN describe THEN describe is empty()" classname="eu.bitfunk.gradle.plugin.tool.gitversion.internal.git.GitDescribeTest" time="0.059"/>
  <system-out><![CDATA[]]></system-out>
  <system-err><![CDATA[]]></system-err>
</testsuite>
