<?xml version="1.0" encoding="UTF-8"?>
<testsuite name="eu.bitfunk.gradle.plugin.tool.gitversion.internal.git.GitLoaderTest" tests="8" skipped="0" failures="0" errors="0" timestamp="2023-02-18T21:11:43" hostname="fv-az422-278" time="0.798">
  <properties/>
  <testcase name="GIVEN project is wrong linebreak git submodule WHEN load THEN return git()" classname="eu.bitfunk.gradle.plugin.tool.gitversion.internal.git.GitLoaderTest" time="0.022"/>
  <testcase name="GIVEN project is no git submodule WHEN load THEN return git()" classname="eu.bitfunk.gradle.plugin.tool.gitversion.internal.git.GitLoaderTest" time="0.02"/>
  <testcase name="GIVEN project is git submodule WHEN load THEN return git()" classname="eu.bitfunk.gradle.plugin.tool.gitversion.internal.git.GitLoaderTest" time="0.591"/>
  <testcase name="GIVEN project with git WHEN load THEN return git()" classname="eu.bitfunk.gradle.plugin.tool.gitversion.internal.git.GitLoaderTest" time="0.022"/>
  <testcase name="GIVEN project without git WHEN load() THEN fail with exception()" classname="eu.bitfunk.gradle.plugin.tool.gitversion.internal.git.GitLoaderTest" time="0.003"/>
  <testcase name="implements contract()" classname="eu.bitfunk.gradle.plugin.tool.gitversion.internal.git.GitLoaderTest" time="0.002"/>
  <testcase name="GIVEN project is absolute git submodule WHEN load THEN return git()" classname="eu.bitfunk.gradle.plugin.tool.gitversion.internal.git.GitLoaderTest" time="0.078"/>
  <testcase name="GIVEN project is wrong spacing git submodule WHEN load THEN return git()" classname="eu.bitfunk.gradle.plugin.tool.gitversion.internal.git.GitLoaderTest" time="0.017"/>
  <system-out><![CDATA[]]></system-out>
  <system-err><![CDATA[]]></system-err>
</testsuite>
