<?xml version="1.0" encoding="UTF-8"?>
<testsuite name="eu.bitfunk.gradle.plugin.tool.gitversion.GitVersionPluginFunctionalTest" tests="22" skipped="0" failures="0" errors="0" timestamp="2023-02-18T21:08:03" hostname="fv-az422-278" time="197.127">
  <properties/>
  <testcase name="git describe works when git repo is multiple levels up()" classname="eu.bitfunk.gradle.plugin.tool.gitversion.GitVersionPluginFunctionalTest" time="156.616"/>
  <testcase name="GIVEN multiple unannotated tags on same commit WHEN describe THEN not tag is chosen()" classname="eu.bitfunk.gradle.plugin.tool.gitversion.GitVersionPluginFunctionalTest" time="5.958"/>
  <testcase name="version filters out tags not matching prefix and strips prefix()" classname="eu.bitfunk.gradle.plugin.tool.gitversion.GitVersionPluginFunctionalTest" time="3.728"/>
  <testcase name="GIVEN lightweight tag WHEN describe THEN tag is ignored()" classname="eu.bitfunk.gradle.plugin.tool.gitversion.GitVersionPluginFunctionalTest" time="0.659"/>
  <testcase name="test tag set on deep commit()" classname="eu.bitfunk.gradle.plugin.tool.gitversion.GitVersionPluginFunctionalTest" time="2.843"/>
  <testcase name="git describe and dirty when annotated tag is present and dirty content()" classname="eu.bitfunk.gradle.plugin.tool.gitversion.GitVersionPluginFunctionalTest" time="0.607"/>
  <testcase name="test multiple tags on same commit - annotated tag is chosen()" classname="eu.bitfunk.gradle.plugin.tool.gitversion.GitVersionPluginFunctionalTest" time="0.585"/>
  <testcase name="version details can be accessed using extra properties method()" classname="eu.bitfunk.gradle.plugin.tool.gitversion.GitVersionPluginFunctionalTest" time="3.671"/>
  <testcase name="git describe when annotated tag is present after merge commit()" classname="eu.bitfunk.gradle.plugin.tool.gitversion.GitVersionPluginFunctionalTest" time="1.228"/>
  <testcase name="git describe when annotated tag is present with merge commit()" classname="eu.bitfunk.gradle.plugin.tool.gitversion.GitVersionPluginFunctionalTest" time="0.752"/>
  <testcase name="test multiple tags on same commit - most recent annotated tag()" classname="eu.bitfunk.gradle.plugin.tool.gitversion.GitVersionPluginFunctionalTest" time="1.142"/>
  <testcase name="version details when detached HEAD mode()" classname="eu.bitfunk.gradle.plugin.tool.gitversion.GitVersionPluginFunctionalTest" time="3.011"/>
  <testcase name="git version can be applied on sub modules()" classname="eu.bitfunk.gradle.plugin.tool.gitversion.GitVersionPluginFunctionalTest" time="3.788"/>
  <testcase name="isCleanTag should be false when repo dirty on a tag checkout()" classname="eu.bitfunk.gradle.plugin.tool.gitversion.GitVersionPluginFunctionalTest" time="2.743"/>
  <testcase name="git describe when annotated tag is present()" classname="eu.bitfunk.gradle.plugin.tool.gitversion.GitVersionPluginFunctionalTest" time="0.643"/>
  <testcase name="GIVEN project without git folder WHEN plugin applied THEN fail with exception()" classname="eu.bitfunk.gradle.plugin.tool.gitversion.GitVersionPluginFunctionalTest" time="1.13"/>
  <testcase name="unspecified when no tags are present()" classname="eu.bitfunk.gradle.plugin.tool.gitversion.GitVersionPluginFunctionalTest" time="0.554"/>
  <testcase name="git describe with commit after annotated tag()" classname="eu.bitfunk.gradle.plugin.tool.gitversion.GitVersionPluginFunctionalTest" time="0.685"/>
  <testcase name="GIVEN commit after lightweight tag WHEN describe THEN tag ignored()" classname="eu.bitfunk.gradle.plugin.tool.gitversion.GitVersionPluginFunctionalTest" time="0.528"/>
  <testcase name="version details when commit distance to tag is greater 0()" classname="eu.bitfunk.gradle.plugin.tool.gitversion.GitVersionPluginFunctionalTest" time="3.308"/>
  <testcase name="version details on commit with a tag()" classname="eu.bitfunk.gradle.plugin.tool.gitversion.GitVersionPluginFunctionalTest" time="0.478"/>
  <testcase name="test subproject version()" classname="eu.bitfunk.gradle.plugin.tool.gitversion.GitVersionPluginFunctionalTest" time="2.421"/>
  <system-out><![CDATA[Log:
id: commit 1f9fd094691e995386567ae198219d876c7fcca7 1676754659 -----sp message: merge commit
id: commit 4cc7cd26cef11059273089454d1f989c56bdcbba 1676754659 -----sp message: initial commit
id: commit 98b38ca2ad6e5a19cc704d0a1f70c3616c402108 1676754659 -----sp message: hot fix for issue
]]></system-out>
  <system-err><![CDATA[]]></system-err>
</testsuite>
