<?xml version="1.0" encoding="UTF-8"?>
<testsuite name="eu.bitfunk.gradle.plugin.quality.code.analysis.CodeAnalysisPluginTest" tests="6" skipped="0" failures="0" errors="0" timestamp="2023-02-17T23:20:52" hostname="fv-az173-156" time="43.385">
  <properties/>
  <testcase name="GIVEN project WHEN appPlugins() THEN plugins added()" classname="eu.bitfunk.gradle.plugin.quality.code.analysis.CodeAnalysisPluginTest" time="19.88"/>
  <testcase name="plugin_implements_contract()" classname="eu.bitfunk.gradle.plugin.quality.code.analysis.CodeAnalysisPluginTest" time="0.161"/>
  <testcase name="plugin_is_gradle_plugin()" classname="eu.bitfunk.gradle.plugin.quality.code.analysis.CodeAnalysisPluginTest" time="0.023"/>
  <testcase name="GIVEN project WHEN apply() THEN all configured()" classname="eu.bitfunk.gradle.plugin.quality.code.analysis.CodeAnalysisPluginTest" time="10.109"/>
  <testcase name="GIVEN project WHEN configureTasks() THEN tasks configured()" classname="eu.bitfunk.gradle.plugin.quality.code.analysis.CodeAnalysisPluginTest" time="10.144"/>
  <testcase name="GIVEN project WHEN configureAnalysis() THEN analysis configured()" classname="eu.bitfunk.gradle.plugin.quality.code.analysis.CodeAnalysisPluginTest" time="2.984"/>
  <system-out><![CDATA[]]></system-out>
  <system-err><![CDATA[]]></system-err>
</testsuite>
