<?xml version="1.0" encoding="UTF-8"?>
<testsuite name="eu.bitfunk.gradle.plugin.quality.code.analysis.CodeAnalysisPluginTest" tests="6" skipped="0" failures="0" errors="0" timestamp="2022-12-07T22:00:21" hostname="fv-az302-653" time="43.867">
  <properties/>
  <testcase name="GIVEN project WHEN appPlugins() THEN plugins added()" classname="eu.bitfunk.gradle.plugin.quality.code.analysis.CodeAnalysisPluginTest" time="19.204"/>
  <testcase name="plugin_implements_contract()" classname="eu.bitfunk.gradle.plugin.quality.code.analysis.CodeAnalysisPluginTest" time="0.108"/>
  <testcase name="plugin_is_gradle_plugin()" classname="eu.bitfunk.gradle.plugin.quality.code.analysis.CodeAnalysisPluginTest" time="0.018"/>
  <testcase name="GIVEN project WHEN apply() THEN all configured()" classname="eu.bitfunk.gradle.plugin.quality.code.analysis.CodeAnalysisPluginTest" time="11.218"/>
  <testcase name="GIVEN project WHEN configureTasks() THEN tasks configured()" classname="eu.bitfunk.gradle.plugin.quality.code.analysis.CodeAnalysisPluginTest" time="10.602"/>
  <testcase name="GIVEN project WHEN configureAnalysis() THEN analysis configured()" classname="eu.bitfunk.gradle.plugin.quality.code.analysis.CodeAnalysisPluginTest" time="2.647"/>
  <system-out><![CDATA[]]></system-out>
  <system-err><![CDATA[]]></system-err>
</testsuite>
