<?xml version="1.0" encoding="UTF-8"?>
<testsuite name="eu.bitfunk.gradle.plugin.quality.code.analysis.CodeAnalysisPluginTest" tests="6" skipped="0" failures="0" errors="0" timestamp="2022-12-22T18:13:25" hostname="fv-az343-418" time="52.604">
  <properties/>
  <testcase name="GIVEN project WHEN appPlugins() THEN plugins added()" classname="eu.bitfunk.gradle.plugin.quality.code.analysis.CodeAnalysisPluginTest" time="22.159"/>
  <testcase name="plugin_implements_contract()" classname="eu.bitfunk.gradle.plugin.quality.code.analysis.CodeAnalysisPluginTest" time="0.099"/>
  <testcase name="plugin_is_gradle_plugin()" classname="eu.bitfunk.gradle.plugin.quality.code.analysis.CodeAnalysisPluginTest" time="0.014"/>
  <testcase name="GIVEN project WHEN apply() THEN all configured()" classname="eu.bitfunk.gradle.plugin.quality.code.analysis.CodeAnalysisPluginTest" time="13.084"/>
  <testcase name="GIVEN project WHEN configureTasks() THEN tasks configured()" classname="eu.bitfunk.gradle.plugin.quality.code.analysis.CodeAnalysisPluginTest" time="13.727"/>
  <testcase name="GIVEN project WHEN configureAnalysis() THEN analysis configured()" classname="eu.bitfunk.gradle.plugin.quality.code.analysis.CodeAnalysisPluginTest" time="3.445"/>
  <system-out><![CDATA[]]></system-out>
  <system-err><![CDATA[]]></system-err>
</testsuite>
