<?xml version="1.0" encoding="UTF-8"?>
<testsuite name="eu.bitfunk.gradle.plugin.quality.code.analysis.CodeAnalysisPluginTest" tests="6" skipped="0" failures="0" errors="0" timestamp="2022-12-22T19:34:14" hostname="fv-az410-106" time="46.595">
  <properties/>
  <testcase name="GIVEN project WHEN appPlugins() THEN plugins added()" classname="eu.bitfunk.gradle.plugin.quality.code.analysis.CodeAnalysisPluginTest" time="22.398"/>
  <testcase name="plugin_implements_contract()" classname="eu.bitfunk.gradle.plugin.quality.code.analysis.CodeAnalysisPluginTest" time="0.066"/>
  <testcase name="plugin_is_gradle_plugin()" classname="eu.bitfunk.gradle.plugin.quality.code.analysis.CodeAnalysisPluginTest" time="0.005"/>
  <testcase name="GIVEN project WHEN apply() THEN all configured()" classname="eu.bitfunk.gradle.plugin.quality.code.analysis.CodeAnalysisPluginTest" time="10.426"/>
  <testcase name="GIVEN project WHEN configureTasks() THEN tasks configured()" classname="eu.bitfunk.gradle.plugin.quality.code.analysis.CodeAnalysisPluginTest" time="10.175"/>
  <testcase name="GIVEN project WHEN configureAnalysis() THEN analysis configured()" classname="eu.bitfunk.gradle.plugin.quality.code.analysis.CodeAnalysisPluginTest" time="3.45"/>
  <system-out><![CDATA[]]></system-out>
  <system-err><![CDATA[]]></system-err>
</testsuite>
