<?xml version="1.0" encoding="UTF-8"?>
<testsuite name="eu.bitfunk.gradle.plugin.quality.code.analysis.CodeAnalysisPluginTest" tests="6" skipped="0" failures="0" errors="0" timestamp="2022-12-22T18:38:20" hostname="fv-az555-909" time="39.182">
  <properties/>
  <testcase name="GIVEN project WHEN appPlugins() THEN plugins added()" classname="eu.bitfunk.gradle.plugin.quality.code.analysis.CodeAnalysisPluginTest" time="17.726"/>
  <testcase name="plugin_implements_contract()" classname="eu.bitfunk.gradle.plugin.quality.code.analysis.CodeAnalysisPluginTest" time="0.075"/>
  <testcase name="plugin_is_gradle_plugin()" classname="eu.bitfunk.gradle.plugin.quality.code.analysis.CodeAnalysisPluginTest" time="0.015"/>
  <testcase name="GIVEN project WHEN apply() THEN all configured()" classname="eu.bitfunk.gradle.plugin.quality.code.analysis.CodeAnalysisPluginTest" time="9.835"/>
  <testcase name="GIVEN project WHEN configureTasks() THEN tasks configured()" classname="eu.bitfunk.gradle.plugin.quality.code.analysis.CodeAnalysisPluginTest" time="8.869"/>
  <testcase name="GIVEN project WHEN configureAnalysis() THEN analysis configured()" classname="eu.bitfunk.gradle.plugin.quality.code.analysis.CodeAnalysisPluginTest" time="2.614"/>
  <system-out><![CDATA[]]></system-out>
  <system-err><![CDATA[]]></system-err>
</testsuite>
