<?xml version="1.0" encoding="UTF-8"?>
<testsuite name="eu.bitfunk.gradle.plugin.tool.publish.PublishPluginExtensionTest" tests="1" skipped="0" failures="0" errors="0" timestamp="2022-12-07T14:35:59" hostname="fv-az206-560" time="13.779">
  <properties/>
  <testcase name="implements contract()" classname="eu.bitfunk.gradle.plugin.tool.publish.PublishPluginExtensionTest" time="13.779"/>
  <system-out><![CDATA[]]></system-out>
  <system-err><![CDATA[]]></system-err>
</testsuite>
