<?xml version="1.0" encoding="UTF-8"?>
<testsuite name="eu.bitfunk.gradle.plugin.tool.publish.PublishPluginExtensionTest" tests="1" skipped="0" failures="0" errors="0" timestamp="2022-12-21T17:02:39" hostname="fv-az174-309" time="12.383">
  <properties/>
  <testcase name="implements contract()" classname="eu.bitfunk.gradle.plugin.tool.publish.PublishPluginExtensionTest" time="12.383"/>
  <system-out><![CDATA[]]></system-out>
  <system-err><![CDATA[]]></system-err>
</testsuite>
