<?xml version="1.0" encoding="UTF-8"?>
<testsuite name="eu.bitfunk.gradle.plugin.tool.publish.PublishPluginTest" tests="9" skipped="0" failures="0" errors="0" timestamp="2023-02-17T23:22:11" hostname="fv-az173-156" time="22.871">
  <properties/>
  <testcase name="GIVEN project WHEN addPlugins() THEN plugins added()" classname="eu.bitfunk.gradle.plugin.tool.publish.PublishPluginTest" time="6.266"/>
  <testcase name="GIVEN project and signing is disabled WHEN configureSigning() THEN nothing configured()" classname="eu.bitfunk.gradle.plugin.tool.publish.PublishPluginTest" time="1.34"/>
  <testcase name="implements plugin()" classname="eu.bitfunk.gradle.plugin.tool.publish.PublishPluginTest" time="0.008"/>
  <testcase name="GIVEN project WHEN addExtension() THEN extension added()" classname="eu.bitfunk.gradle.plugin.tool.publish.PublishPluginTest" time="2.735"/>
  <testcase name="implements contract()" classname="eu.bitfunk.gradle.plugin.tool.publish.PublishPluginTest" time="0.003"/>
  <testcase name="GIVEN project WHEN configurePublishing() THEN publishing configured()" classname="eu.bitfunk.gradle.plugin.tool.publish.PublishPluginTest" time="9.0"/>
  <testcase name="GIVEN project WHEN configureSigning() THEN signing configured()" classname="eu.bitfunk.gradle.plugin.tool.publish.PublishPluginTest" time="2.304"/>
  <testcase name="GIVEN project WHEN apply() THEN all configured()" classname="eu.bitfunk.gradle.plugin.tool.publish.PublishPluginTest" time="1.051"/>
  <testcase name="GIVEN project without properties WHEN configureSigning() THEN throw exception()" classname="eu.bitfunk.gradle.plugin.tool.publish.PublishPluginTest" time="0.054"/>
  <system-out><![CDATA[]]></system-out>
  <system-err><![CDATA[]]></system-err>
</testsuite>
