<?xml version="1.0" encoding="UTF-8"?>
<testsuite name="eu.bitfunk.gradle.plugin.tool.publish.PublishPluginExtensionTest" tests="1" skipped="0" failures="0" errors="0" timestamp="2023-02-17T23:21:58" hostname="fv-az173-156" time="12.474">
  <properties/>
  <testcase name="implements contract()" classname="eu.bitfunk.gradle.plugin.tool.publish.PublishPluginExtensionTest" time="12.474"/>
  <system-out><![CDATA[]]></system-out>
  <system-err><![CDATA[]]></system-err>
</testsuite>
