<?xml version="1.0" encoding="UTF-8"?>
<testsuite name="eu.bitfunk.gradle.plugin.tool.composite.delegator.CompositeDelegatorPluginTest" tests="5" skipped="0" failures="0" errors="0" timestamp="2022-12-07T21:59:47" hostname="fv-az302-653" time="35.456">
  <properties/>
  <testcase name="GIVEN project WHEN apply() THEN everything configured()" classname="eu.bitfunk.gradle.plugin.tool.composite.delegator.CompositeDelegatorPluginTest" time="33.263"/>
  <testcase name="GIVEN project and extension WHEN configureTasks() THEN tasks configured()" classname="eu.bitfunk.gradle.plugin.tool.composite.delegator.CompositeDelegatorPluginTest" time="1.9"/>
  <testcase name="implements plugin()" classname="eu.bitfunk.gradle.plugin.tool.composite.delegator.CompositeDelegatorPluginTest" time="0.055"/>
  <testcase name="GIVEN project WHEN addExtension() THEN extension added()" classname="eu.bitfunk.gradle.plugin.tool.composite.delegator.CompositeDelegatorPluginTest" time="0.178"/>
  <testcase name="implements contract()" classname="eu.bitfunk.gradle.plugin.tool.composite.delegator.CompositeDelegatorPluginTest" time="0.01"/>
  <system-out><![CDATA[]]></system-out>
  <system-err><![CDATA[]]></system-err>
</testsuite>
