<?xml version="1.0" encoding="UTF-8"?>
<testsuite name="eu.bitfunk.gradle.plugin.tool.composite.delegator.CompositeDelegatorPluginTest" tests="5" skipped="0" failures="0" errors="0" timestamp="2023-02-17T23:38:49" hostname="fv-az451-622" time="30.173">
  <properties/>
  <testcase name="GIVEN project WHEN apply() THEN everything configured()" classname="eu.bitfunk.gradle.plugin.tool.composite.delegator.CompositeDelegatorPluginTest" time="28.532"/>
  <testcase name="GIVEN project and extension WHEN configureTasks() THEN tasks configured()" classname="eu.bitfunk.gradle.plugin.tool.composite.delegator.CompositeDelegatorPluginTest" time="1.408"/>
  <testcase name="implements plugin()" classname="eu.bitfunk.gradle.plugin.tool.composite.delegator.CompositeDelegatorPluginTest" time="0.023"/>
  <testcase name="GIVEN project WHEN addExtension() THEN extension added()" classname="eu.bitfunk.gradle.plugin.tool.composite.delegator.CompositeDelegatorPluginTest" time="0.159"/>
  <testcase name="implements contract()" classname="eu.bitfunk.gradle.plugin.tool.composite.delegator.CompositeDelegatorPluginTest" time="0.014"/>
  <system-out><![CDATA[]]></system-out>
  <system-err><![CDATA[]]></system-err>
</testsuite>
