<?xml version="1.0" encoding="UTF-8"?>
<testsuite name="eu.bitfunk.gradle.plugin.tool.versioning.VersionNameGeneratorTest" tests="16" skipped="0" failures="0" errors="0" timestamp="2023-09-08T19:25:50" hostname="fv-az627-722" time="12.494">
  <properties/>
  <testcase name="GIVEN null branch WHEN generateVersionName() THEN semver version()" classname="eu.bitfunk.gradle.plugin.tool.versioning.VersionNameGeneratorTest" time="11.153"/>
  <testcase name="GIVEN renovate configure branch WHEN generateVersionName() THEN ()" classname="eu.bitfunk.gradle.plugin.tool.versioning.VersionNameGeneratorTest" time="0.234"/>
  <testcase name="plugin_implements_contract()" classname="eu.bitfunk.gradle.plugin.tool.versioning.VersionNameGeneratorTest" time="0.01"/>
  <testcase name="GIVEN main branch and dirty version WHEN generateVersionName() THEN semver snapshot version()" classname="eu.bitfunk.gradle.plugin.tool.versioning.VersionNameGeneratorTest" time="0.08"/>
  <testcase name="GIVEN feature branch, dirty version, zero commits WHEN generateVersionName() THEN semver version()" classname="eu.bitfunk.gradle.plugin.tool.versioning.VersionNameGeneratorTest" time="0.082"/>
  <testcase name="GIVEN dependabot branch and clean version WHEN generateVersionName() THEN semver version()" classname="eu.bitfunk.gradle.plugin.tool.versioning.VersionNameGeneratorTest" time="0.066"/>
  <testcase name="GIVEN date WHEN generateFeatureVersionCode() THEN timestamp()" classname="eu.bitfunk.gradle.plugin.tool.versioning.VersionNameGeneratorTest" time="0.003"/>
  <testcase name="GIVEN release branch and clean version WHEN generateVersionName() THEN semver version()" classname="eu.bitfunk.gradle.plugin.tool.versioning.VersionNameGeneratorTest" time="0.07"/>
  <testcase name="GIVEN versionCode, commitDistance WHEN generateVersionCode() THEN versionCode shifted ()" classname="eu.bitfunk.gradle.plugin.tool.versioning.VersionNameGeneratorTest" time="0.049"/>
  <testcase name="GIVEN versionDetails WHEN generateVersionDetails() THEN all details printed()" classname="eu.bitfunk.gradle.plugin.tool.versioning.VersionNameGeneratorTest" time="0.236"/>
  <testcase name="GIVEN main branch and tag version WHEN generateVersionName() THEN semver version()" classname="eu.bitfunk.gradle.plugin.tool.versioning.VersionNameGeneratorTest" time="0.056"/>
  <testcase name="GIVEN feature branch and dirty version WHEN generateVersionName() THEN semver version()" classname="eu.bitfunk.gradle.plugin.tool.versioning.VersionNameGeneratorTest" time="0.052"/>
  <testcase name="GIVEN feature branch with ticket and dirty version WHEN generateVersionName() THEN semver version()" classname="eu.bitfunk.gradle.plugin.tool.versioning.VersionNameGeneratorTest" time="0.073"/>
  <testcase name="GIVEN unsupported branch name WHEN generateVersionName() THEN throw exception()" classname="eu.bitfunk.gradle.plugin.tool.versioning.VersionNameGeneratorTest" time="0.078"/>
  <testcase name="GIVEN versionCode, no commitDistance WHEN generateVersionCode() THEN versionCode shifted ()" classname="eu.bitfunk.gradle.plugin.tool.versioning.VersionNameGeneratorTest" time="0.065"/>
  <testcase name="GIVEN main branch and tag version with starting v WHEN generateVersionName() THEN semver version()" classname="eu.bitfunk.gradle.plugin.tool.versioning.VersionNameGeneratorTest" time="0.065"/>
  <system-out><![CDATA[]]></system-out>
  <system-err><![CDATA[]]></system-err>
</testsuite>
