<?xml version="1.0" encoding="UTF-8"?>
<testsuite name="eu.bitfunk.gradle.plugin.tool.versioning.ProjectExtensionKtTest" tests="6" skipped="0" failures="0" errors="0" timestamp="2022-12-07T22:00:29" hostname="fv-az302-653" time="21.551">
  <properties/>
  <testcase name="GIVEN project WHEN versionCode() THEN versionCode returned()" classname="eu.bitfunk.gradle.plugin.tool.versioning.ProjectExtensionKtTest" time="21.324"/>
  <testcase name="GIVEN project WHEN versionCodeFeature() THEN versionCode returned()" classname="eu.bitfunk.gradle.plugin.tool.versioning.ProjectExtensionKtTest" time="0.052"/>
  <testcase name="GIVEN project, snapshot version WHEN versionCleaned() THEN version returned()" classname="eu.bitfunk.gradle.plugin.tool.versioning.ProjectExtensionKtTest" time="0.045"/>
  <testcase name="GIVEN project, feature snapshot version WHEN versionCleaned() THEN version returned()" classname="eu.bitfunk.gradle.plugin.tool.versioning.ProjectExtensionKtTest" time="0.021"/>
  <testcase name="GIVEN project WHEN version() THEN version returned()" classname="eu.bitfunk.gradle.plugin.tool.versioning.ProjectExtensionKtTest" time="0.025"/>
  <testcase name="GIVEN project, final version WHEN versionCleaned() THEN version returned()" classname="eu.bitfunk.gradle.plugin.tool.versioning.ProjectExtensionKtTest" time="0.022"/>
  <system-out><![CDATA[]]></system-out>
  <system-err><![CDATA[]]></system-err>
</testsuite>
