<?xml version="1.0" encoding="UTF-8"?>
<testsuite name="eu.bitfunk.gradle.plugin.tool.versioning.ProjectExtensionKtTest" tests="6" skipped="0" failures="0" errors="0" timestamp="2022-12-07T18:31:14" hostname="fv-az265-161" time="23.782">
  <properties/>
  <testcase name="GIVEN project WHEN versionCode() THEN versionCode returned()" classname="eu.bitfunk.gradle.plugin.tool.versioning.ProjectExtensionKtTest" time="23.578"/>
  <testcase name="GIVEN project WHEN versionCodeFeature() THEN versionCode returned()" classname="eu.bitfunk.gradle.plugin.tool.versioning.ProjectExtensionKtTest" time="0.043"/>
  <testcase name="GIVEN project, snapshot version WHEN versionCleaned() THEN version returned()" classname="eu.bitfunk.gradle.plugin.tool.versioning.ProjectExtensionKtTest" time="0.036"/>
  <testcase name="GIVEN project, feature snapshot version WHEN versionCleaned() THEN version returned()" classname="eu.bitfunk.gradle.plugin.tool.versioning.ProjectExtensionKtTest" time="0.027"/>
  <testcase name="GIVEN project WHEN version() THEN version returned()" classname="eu.bitfunk.gradle.plugin.tool.versioning.ProjectExtensionKtTest" time="0.032"/>
  <testcase name="GIVEN project, final version WHEN versionCleaned() THEN version returned()" classname="eu.bitfunk.gradle.plugin.tool.versioning.ProjectExtensionKtTest" time="0.022"/>
  <system-out><![CDATA[]]></system-out>
  <system-err><![CDATA[]]></system-err>
</testsuite>
