<?xml version="1.0" encoding="UTF-8"?>
<testsuite name="eu.bitfunk.gradle.plugin.tool.versioning.VersioningPluginTest" tests="5" skipped="0" failures="0" errors="0" timestamp="2023-01-30T18:15:52" hostname="fv-az548-493" time="7.847">
  <properties/>
  <testcase name="GIVEN project WHEN configureVersion() THEN version configured()" classname="eu.bitfunk.gradle.plugin.tool.versioning.VersioningPluginTest" time="0.836"/>
  <testcase name="GIVEN project WHEN addPlugins() THEN plugins added()" classname="eu.bitfunk.gradle.plugin.tool.versioning.VersioningPluginTest" time="0.39"/>
  <testcase name="plugin_implements_contract()" classname="eu.bitfunk.gradle.plugin.tool.versioning.VersioningPluginTest" time="0.005"/>
  <testcase name="GIVEN project WHEN configureVersionTasks() THEN version tasks configured()" classname="eu.bitfunk.gradle.plugin.tool.versioning.VersioningPluginTest" time="5.778"/>
  <testcase name="GIVEN project WHEN apply() THEN all configured()" classname="eu.bitfunk.gradle.plugin.tool.versioning.VersioningPluginTest" time="0.809"/>
  <system-out><![CDATA[VersionName: 
VersionCode: 0
VersionCodeFeature: 0
VersionDetails: 
]]></system-out>
  <system-err><![CDATA[]]></system-err>
</testsuite>
