<?xml version="1.0" encoding="UTF-8"?>
<testsuite name="eu.bitfunk.gradle.plugin.tool.versioning.VersioningPluginTest" tests="5" skipped="0" failures="0" errors="0" timestamp="2023-09-08T19:26:03" hostname="fv-az627-722" time="9.197">
  <properties/>
  <testcase name="GIVEN project WHEN configureVersion() THEN version configured()" classname="eu.bitfunk.gradle.plugin.tool.versioning.VersioningPluginTest" time="1.133"/>
  <testcase name="GIVEN project WHEN addPlugins() THEN plugins added()" classname="eu.bitfunk.gradle.plugin.tool.versioning.VersioningPluginTest" time="0.488"/>
  <testcase name="plugin_implements_contract()" classname="eu.bitfunk.gradle.plugin.tool.versioning.VersioningPluginTest" time="0.007"/>
  <testcase name="GIVEN project WHEN configureVersionTasks() THEN version tasks configured()" classname="eu.bitfunk.gradle.plugin.tool.versioning.VersioningPluginTest" time="6.894"/>
  <testcase name="GIVEN project WHEN apply() THEN all configured()" classname="eu.bitfunk.gradle.plugin.tool.versioning.VersioningPluginTest" time="0.632"/>
  <system-out><![CDATA[VersionName: 
VersionCode: 0
VersionCodeFeature: 0
VersionDetails: 
]]></system-out>
  <system-err><![CDATA[]]></system-err>
</testsuite>
