<?xml version="1.0" encoding="UTF-8"?>
<testsuite name="eu.bitfunk.gradle.plugin.tool.versioning.ProjectExtensionKtTest" tests="6" skipped="0" failures="0" errors="0" timestamp="2022-12-07T14:36:44" hostname="fv-az206-560" time="22.735">
  <properties/>
  <testcase name="GIVEN project WHEN versionCode() THEN versionCode returned()" classname="eu.bitfunk.gradle.plugin.tool.versioning.ProjectExtensionKtTest" time="22.447"/>
  <testcase name="GIVEN project WHEN versionCodeFeature() THEN versionCode returned()" classname="eu.bitfunk.gradle.plugin.tool.versioning.ProjectExtensionKtTest" time="0.074"/>
  <testcase name="GIVEN project, snapshot version WHEN versionCleaned() THEN version returned()" classname="eu.bitfunk.gradle.plugin.tool.versioning.ProjectExtensionKtTest" time="0.053"/>
  <testcase name="GIVEN project, feature snapshot version WHEN versionCleaned() THEN version returned()" classname="eu.bitfunk.gradle.plugin.tool.versioning.ProjectExtensionKtTest" time="0.04"/>
  <testcase name="GIVEN project WHEN version() THEN version returned()" classname="eu.bitfunk.gradle.plugin.tool.versioning.ProjectExtensionKtTest" time="0.027"/>
  <testcase name="GIVEN project, final version WHEN versionCleaned() THEN version returned()" classname="eu.bitfunk.gradle.plugin.tool.versioning.ProjectExtensionKtTest" time="0.021"/>
  <system-out><![CDATA[]]></system-out>
  <system-err><![CDATA[]]></system-err>
</testsuite>
