<?xml version="1.0" encoding="UTF-8"?>
<testsuite name="eu.bitfunk.gradle.plugin.development.convention.internal.PublishingConfigTest" tests="3" skipped="0" failures="0" errors="0" timestamp="2023-02-18T21:14:39" hostname="fv-az422-278" time="1.206">
  <properties/>
  <testcase name="GIVEN project WHEN configurePublishing() THEN all plugins present()" classname="eu.bitfunk.gradle.plugin.development.convention.internal.PublishingConfigTest" time="0.228"/>
  <testcase name="GIVEN project WHEN configurePublishing() THEN publishing configured()" classname="eu.bitfunk.gradle.plugin.development.convention.internal.PublishingConfigTest" time="0.285"/>
  <testcase name="GIVEN project WHEN configurePublishing() THEN publishing pom configured()" classname="eu.bitfunk.gradle.plugin.development.convention.internal.PublishingConfigTest" time="0.689"/>
  <system-out><![CDATA[]]></system-out>
  <system-err><![CDATA[]]></system-err>
</testsuite>
