<?xml version="1.0" encoding="UTF-8"?>
<testsuite name="eu.bitfunk.gradle.plugin.development.convention.GradleExtensionsKtTest" tests="5" skipped="0" failures="0" errors="0" timestamp="2023-03-12T10:33:13" hostname="fv-az449-12" time="31.804">
  <properties/>
  <testcase name="GIVEN dependencyHandler WHEN testImplementation() THEN added()" classname="eu.bitfunk.gradle.plugin.development.convention.GradleExtensionsKtTest" time="25.717"/>
  <testcase name="GIVEN project WHEN javaPlugin() THEN extension configured()" classname="eu.bitfunk.gradle.plugin.development.convention.GradleExtensionsKtTest" time="5.902"/>
  <testcase name="GIVEN dependencyHandler WHEN testRuntimeOnly() THEN added()" classname="eu.bitfunk.gradle.plugin.development.convention.GradleExtensionsKtTest" time="0.039"/>
  <testcase name="GIVEN project WHEN jacoco() THEN extension configured()" classname="eu.bitfunk.gradle.plugin.development.convention.GradleExtensionsKtTest" time="0.061"/>
  <testcase name="GIVEN dependencyHandler WHEN implementation() THEN added()" classname="eu.bitfunk.gradle.plugin.development.convention.GradleExtensionsKtTest" time="0.033"/>
  <system-out><![CDATA[]]></system-out>
  <system-err><![CDATA[]]></system-err>
</testsuite>
