<?xml version="1.0" encoding="UTF-8"?>
<testsuite name="eu.bitfunk.gradle.plugin.development.convention.GradleKotlinExtensionKtTest" tests="1" skipped="0" failures="0" errors="0" timestamp="2023-09-09T09:08:37" hostname="fv-az1030-831" time="0.05">
  <properties/>
  <testcase name="GIVEN project WHEN kotlinJvm() THEN extension configured()" classname="eu.bitfunk.gradle.plugin.development.convention.GradleKotlinExtensionKtTest" time="0.05"/>
  <system-out><![CDATA[]]></system-out>
  <system-err><![CDATA[]]></system-err>
</testsuite>
