<?xml version="1.0" encoding="UTF-8"?>
<testsuite name="eu.bitfunk.gradle.plugin.development.convention.GradlePluginConventionPluginFunctionalTest" tests="2" skipped="0" failures="0" errors="0" timestamp="2023-02-18T21:10:15" hostname="fv-az422-278" time="254.337">
  <properties/>
  <testcase name="GIVEN Gradle version 7_1 WHEN run THEN fail()" classname="eu.bitfunk.gradle.plugin.development.convention.GradlePluginConventionPluginFunctionalTest" time="159.127"/>
  <testcase name="GIVEN minimal project WHEN plugin applied THEN success()" classname="eu.bitfunk.gradle.plugin.development.convention.GradlePluginConventionPluginFunctionalTest" time="95.206"/>
  <system-out><![CDATA[Downloading https://services.gradle.org/distributions/gradle-7.1-bin.zip
...........................................................................................................
]]></system-out>
  <system-err><![CDATA[]]></system-err>
</testsuite>
