<?xml version="1.0" encoding="UTF-8"?>
<testsuite name="eu.bitfunk.gradle.plugin.development.convention.internal.PublishingConfigTest" tests="3" skipped="0" failures="0" errors="0" timestamp="2022-12-22T20:06:32" hostname="fv-az358-647" time="2.454">
  <properties/>
  <testcase name="GIVEN project WHEN configurePublishing() THEN all plugins present()" classname="eu.bitfunk.gradle.plugin.development.convention.internal.PublishingConfigTest" time="0.451"/>
  <testcase name="GIVEN project WHEN configurePublishing() THEN publishing configured()" classname="eu.bitfunk.gradle.plugin.development.convention.internal.PublishingConfigTest" time="0.557"/>
  <testcase name="GIVEN project WHEN configurePublishing() THEN publishing pom configured()" classname="eu.bitfunk.gradle.plugin.development.convention.internal.PublishingConfigTest" time="1.442"/>
  <system-out><![CDATA[]]></system-out>
  <system-err><![CDATA[]]></system-err>
</testsuite>
