<?xml version="1.0" encoding="UTF-8"?>
<testsuite name="eu.bitfunk.gradle.plugin.development.convention.GradlePluginConventionPluginTest" tests="14" skipped="0" failures="0" errors="0" timestamp="2023-09-09T09:13:32" hostname="fv-az1030-831" time="16.873">
  <properties/>
  <testcase name="GIVEN project WHEN configureTestCoverage() THEN test coverage configured()" classname="eu.bitfunk.gradle.plugin.development.convention.GradlePluginConventionPluginTest" time="0.351"/>
  <testcase name="GIVEN project WHEN configureJavaCompatibility() THEN java configured()" classname="eu.bitfunk.gradle.plugin.development.convention.GradlePluginConventionPluginTest" time="0.195"/>
  <testcase name="GIVEN project WHEN configureTests() THEN tests configured()" classname="eu.bitfunk.gradle.plugin.development.convention.GradlePluginConventionPluginTest" time="6.295"/>
  <testcase name="GIVEN project WHEN configureGradleWrapper() THEN wrapper configured()" classname="eu.bitfunk.gradle.plugin.development.convention.GradlePluginConventionPluginTest" time="1.094"/>
  <testcase name="GIVEN project WHEN checkPreconditions() THEN conditions are met()" classname="eu.bitfunk.gradle.plugin.development.convention.GradlePluginConventionPluginTest" time="0.677"/>
  <testcase name="GIVEN project with plugin WHEN addExtension() THEN extension is added to project with defaults()" classname="eu.bitfunk.gradle.plugin.development.convention.GradlePluginConventionPluginTest" time="0.93"/>
  <testcase name="GIVEN project WHEN configureKotlin() THEN kotlin configured()" classname="eu.bitfunk.gradle.plugin.development.convention.GradlePluginConventionPluginTest" time="0.841"/>
  <testcase name="GIVEN project WHEN apply() THEN all configured()" classname="eu.bitfunk.gradle.plugin.development.convention.GradlePluginConventionPluginTest" time="2.416"/>
  <testcase name="GIVEN project WHEN configureDependencies() THEN dependencies added()" classname="eu.bitfunk.gradle.plugin.development.convention.GradlePluginConventionPluginTest" time="0.536"/>
  <testcase name="GIVEN project WHEN configureTestCoverageTasks() THEN tasks configured()" classname="eu.bitfunk.gradle.plugin.development.convention.GradlePluginConventionPluginTest" time="3.031"/>
  <testcase name="GIVEN project WHEN addRepositories() THEN mavenCentral available()" classname="eu.bitfunk.gradle.plugin.development.convention.GradlePluginConventionPluginTest" time="0.007"/>
  <testcase name="GIVEN Gradle version 7_1 WHEN checkPreconditions() THEN throw GradleException()" classname="eu.bitfunk.gradle.plugin.development.convention.GradlePluginConventionPluginTest" time="0.439"/>
  <testcase name="plugin implements contract()" classname="eu.bitfunk.gradle.plugin.development.convention.GradlePluginConventionPluginTest" time="0.007"/>
  <testcase name="GIVEN project WHEN addPlugins() THEN all plugins present()" classname="eu.bitfunk.gradle.plugin.development.convention.GradlePluginConventionPluginTest" time="0.022"/>
  <system-out><![CDATA[]]></system-out>
  <system-err><![CDATA[]]></system-err>
</testsuite>
