<?xml version="1.0" encoding="UTF-8"?>
<testsuite name="eu.bitfunk.gradle.plugin.development.convention.GradleKotlinExtensionKtTest" tests="1" skipped="0" failures="0" errors="0" timestamp="2022-12-22T19:59:07" hostname="fv-az358-647" time="0.085">
  <properties/>
  <testcase name="GIVEN project WHEN kotlinJvm() THEN extension configured()" classname="eu.bitfunk.gradle.plugin.development.convention.GradleKotlinExtensionKtTest" time="0.085"/>
  <system-out><![CDATA[]]></system-out>
  <system-err><![CDATA[]]></system-err>
</testsuite>
