<?xml version="1.0" encoding="UTF-8"?>
<testsuite name="eu.bitfunk.gradle.plugin.development.convention.internal.PublishingConfigTest" tests="3" skipped="0" failures="0" errors="0" timestamp="2022-12-07T18:40:22" hostname="fv-az265-161" time="1.292">
  <properties/>
  <testcase name="GIVEN project WHEN configurePublishing() THEN all plugins present()" classname="eu.bitfunk.gradle.plugin.development.convention.internal.PublishingConfigTest" time="0.225"/>
  <testcase name="GIVEN project WHEN configurePublishing() THEN publishing configured()" classname="eu.bitfunk.gradle.plugin.development.convention.internal.PublishingConfigTest" time="0.331"/>
  <testcase name="GIVEN project WHEN configurePublishing() THEN publishing pom configured()" classname="eu.bitfunk.gradle.plugin.development.convention.internal.PublishingConfigTest" time="0.731"/>
  <system-out><![CDATA[]]></system-out>
  <system-err><![CDATA[]]></system-err>
</testsuite>
