<?xml version="1.0" encoding="UTF-8"?>
<testsuite name="eu.bitfunk.gradle.plugin.development.convention.GradleKotlinExtensionKtTest" tests="1" skipped="0" failures="0" errors="0" timestamp="2022-12-07T14:31:02" hostname="fv-az206-560" time="0.072">
  <properties/>
  <testcase name="GIVEN project WHEN kotlinJvm() THEN extension configured()" classname="eu.bitfunk.gradle.plugin.development.convention.GradleKotlinExtensionKtTest" time="0.072"/>
  <system-out><![CDATA[]]></system-out>
  <system-err><![CDATA[]]></system-err>
</testsuite>
