<?xml version="1.0" encoding="UTF-8"?>
<testsuite name="eu.bitfunk.gradle.plugin.development.convention.GradleKotlinExtensionKtTest" tests="1" skipped="0" failures="0" errors="0" timestamp="2023-02-17T23:20:08" hostname="fv-az173-156" time="0.117">
  <properties/>
  <testcase name="GIVEN project WHEN kotlinJvm() THEN extension configured()" classname="eu.bitfunk.gradle.plugin.development.convention.GradleKotlinExtensionKtTest" time="0.117"/>
  <system-out><![CDATA[]]></system-out>
  <system-err><![CDATA[]]></system-err>
</testsuite>
