<?xml version="1.0" encoding="UTF-8"?>
<testsuite name="eu.bitfunk.gradle.plugin.development.convention.GradlePluginConventionPluginTest" tests="14" skipped="0" failures="0" errors="0" timestamp="2022-12-07T22:07:08" hostname="fv-az302-653" time="24.709">
  <properties/>
  <testcase name="GIVEN project WHEN configureTestCoverage() THEN test coverage configured()" classname="eu.bitfunk.gradle.plugin.development.convention.GradlePluginConventionPluginTest" time="2.805"/>
  <testcase name="GIVEN project WHEN configureJavaCompatibility() THEN java configured()" classname="eu.bitfunk.gradle.plugin.development.convention.GradlePluginConventionPluginTest" time="1.061"/>
  <testcase name="GIVEN project WHEN configureTests() THEN tests configured()" classname="eu.bitfunk.gradle.plugin.development.convention.GradlePluginConventionPluginTest" time="10.126"/>
  <testcase name="GIVEN project WHEN configureGradleWrapper() THEN wrapper configured()" classname="eu.bitfunk.gradle.plugin.development.convention.GradlePluginConventionPluginTest" time="0.814"/>
  <testcase name="GIVEN project WHEN checkPreconditions() THEN conditions are met()" classname="eu.bitfunk.gradle.plugin.development.convention.GradlePluginConventionPluginTest" time="0.56"/>
  <testcase name="GIVEN project with plugin WHEN addExtension() THEN extension is added to project with defaults()" classname="eu.bitfunk.gradle.plugin.development.convention.GradlePluginConventionPluginTest" time="1.125"/>
  <testcase name="GIVEN project WHEN configureKotlin() THEN kotlin configured()" classname="eu.bitfunk.gradle.plugin.development.convention.GradlePluginConventionPluginTest" time="0.897"/>
  <testcase name="GIVEN project WHEN apply() THEN all configured()" classname="eu.bitfunk.gradle.plugin.development.convention.GradlePluginConventionPluginTest" time="3.085"/>
  <testcase name="GIVEN project WHEN configureDependencies() THEN dependencies added()" classname="eu.bitfunk.gradle.plugin.development.convention.GradlePluginConventionPluginTest" time="0.567"/>
  <testcase name="GIVEN project WHEN configureTestCoverageTasks() THEN tasks configured()" classname="eu.bitfunk.gradle.plugin.development.convention.GradlePluginConventionPluginTest" time="3.272"/>
  <testcase name="GIVEN project WHEN addRepositories() THEN mavenCentral available()" classname="eu.bitfunk.gradle.plugin.development.convention.GradlePluginConventionPluginTest" time="0.009"/>
  <testcase name="GIVEN Gradle version 7_1 WHEN checkPreconditions() THEN throw GradleException()" classname="eu.bitfunk.gradle.plugin.development.convention.GradlePluginConventionPluginTest" time="0.294"/>
  <testcase name="plugin implements contract()" classname="eu.bitfunk.gradle.plugin.development.convention.GradlePluginConventionPluginTest" time="0.01"/>
  <testcase name="GIVEN project WHEN addPlugins() THEN all plugins present()" classname="eu.bitfunk.gradle.plugin.development.convention.GradlePluginConventionPluginTest" time="0.023"/>
  <system-out><![CDATA[]]></system-out>
  <system-err><![CDATA[]]></system-err>
</testsuite>
