<?xml version="1.0" encoding="UTF-8"?>
<testsuite name="eu.bitfunk.gradle.plugin.development.convention.GradlePluginConventionPluginTest" tests="14" skipped="0" failures="0" errors="0" timestamp="2023-09-08T19:31:04" hostname="fv-az627-722" time="27.806">
  <properties/>
  <testcase name="GIVEN project WHEN configureTestCoverage() THEN test coverage configured()" classname="eu.bitfunk.gradle.plugin.development.convention.GradlePluginConventionPluginTest" time="1.104"/>
  <testcase name="GIVEN project WHEN configureJavaCompatibility() THEN java configured()" classname="eu.bitfunk.gradle.plugin.development.convention.GradlePluginConventionPluginTest" time="0.52"/>
  <testcase name="GIVEN project WHEN configureTests() THEN tests configured()" classname="eu.bitfunk.gradle.plugin.development.convention.GradlePluginConventionPluginTest" time="9.096"/>
  <testcase name="GIVEN project WHEN configureGradleWrapper() THEN wrapper configured()" classname="eu.bitfunk.gradle.plugin.development.convention.GradlePluginConventionPluginTest" time="1.469"/>
  <testcase name="GIVEN project WHEN checkPreconditions() THEN conditions are met()" classname="eu.bitfunk.gradle.plugin.development.convention.GradlePluginConventionPluginTest" time="1.021"/>
  <testcase name="GIVEN project with plugin WHEN addExtension() THEN extension is added to project with defaults()" classname="eu.bitfunk.gradle.plugin.development.convention.GradlePluginConventionPluginTest" time="1.642"/>
  <testcase name="GIVEN project WHEN configureKotlin() THEN kotlin configured()" classname="eu.bitfunk.gradle.plugin.development.convention.GradlePluginConventionPluginTest" time="1.161"/>
  <testcase name="GIVEN project WHEN apply() THEN all configured()" classname="eu.bitfunk.gradle.plugin.development.convention.GradlePluginConventionPluginTest" time="4.227"/>
  <testcase name="GIVEN project WHEN configureDependencies() THEN dependencies added()" classname="eu.bitfunk.gradle.plugin.development.convention.GradlePluginConventionPluginTest" time="0.901"/>
  <testcase name="GIVEN project WHEN configureTestCoverageTasks() THEN tasks configured()" classname="eu.bitfunk.gradle.plugin.development.convention.GradlePluginConventionPluginTest" time="5.859"/>
  <testcase name="GIVEN project WHEN addRepositories() THEN mavenCentral available()" classname="eu.bitfunk.gradle.plugin.development.convention.GradlePluginConventionPluginTest" time="0.012"/>
  <testcase name="GIVEN Gradle version 7_1 WHEN checkPreconditions() THEN throw GradleException()" classname="eu.bitfunk.gradle.plugin.development.convention.GradlePluginConventionPluginTest" time="0.679"/>
  <testcase name="plugin implements contract()" classname="eu.bitfunk.gradle.plugin.development.convention.GradlePluginConventionPluginTest" time="0.004"/>
  <testcase name="GIVEN project WHEN addPlugins() THEN all plugins present()" classname="eu.bitfunk.gradle.plugin.development.convention.GradlePluginConventionPluginTest" time="0.034"/>
  <system-out><![CDATA[]]></system-out>
  <system-err><![CDATA[]]></system-err>
</testsuite>
