<?xml version="1.0" encoding="UTF-8"?>
<testsuite name="eu.bitfunk.gradle.plugin.development.convention.GradleExtensionsKtTest" tests="5" skipped="0" failures="0" errors="0" timestamp="2022-12-21T19:09:15" hostname="fv-az988-330" time="25.328">
  <properties/>
  <testcase name="GIVEN dependencyHandler WHEN testImplementation() THEN added()" classname="eu.bitfunk.gradle.plugin.development.convention.GradleExtensionsKtTest" time="20.928"/>
  <testcase name="GIVEN project WHEN javaPlugin() THEN extension configured()" classname="eu.bitfunk.gradle.plugin.development.convention.GradleExtensionsKtTest" time="4.264"/>
  <testcase name="GIVEN dependencyHandler WHEN testRuntimeOnly() THEN added()" classname="eu.bitfunk.gradle.plugin.development.convention.GradleExtensionsKtTest" time="0.022"/>
  <testcase name="GIVEN project WHEN jacoco() THEN extension configured()" classname="eu.bitfunk.gradle.plugin.development.convention.GradleExtensionsKtTest" time="0.042"/>
  <testcase name="GIVEN dependencyHandler WHEN implementation() THEN added()" classname="eu.bitfunk.gradle.plugin.development.convention.GradleExtensionsKtTest" time="0.025"/>
  <system-out><![CDATA[]]></system-out>
  <system-err><![CDATA[]]></system-err>
</testsuite>
