<?xml version="1.0" encoding="UTF-8"?>
<testsuite name="eu.bitfunk.gradle.plugin.development.convention.GradlePluginConventionPluginTest" tests="14" skipped="0" failures="0" errors="0" timestamp="2022-12-08T23:01:45" hostname="fv-az338-964" time="14.635">
  <properties/>
  <testcase name="GIVEN project WHEN configureTestCoverage() THEN test coverage configured()" classname="eu.bitfunk.gradle.plugin.development.convention.GradlePluginConventionPluginTest" time="0.457"/>
  <testcase name="GIVEN project WHEN configureJavaCompatibility() THEN java configured()" classname="eu.bitfunk.gradle.plugin.development.convention.GradlePluginConventionPluginTest" time="0.269"/>
  <testcase name="GIVEN project WHEN configureTests() THEN tests configured()" classname="eu.bitfunk.gradle.plugin.development.convention.GradlePluginConventionPluginTest" time="5.422"/>
  <testcase name="GIVEN project WHEN configureGradleWrapper() THEN wrapper configured()" classname="eu.bitfunk.gradle.plugin.development.convention.GradlePluginConventionPluginTest" time="0.792"/>
  <testcase name="GIVEN project WHEN checkPreconditions() THEN conditions are met()" classname="eu.bitfunk.gradle.plugin.development.convention.GradlePluginConventionPluginTest" time="0.482"/>
  <testcase name="GIVEN project with plugin WHEN addExtension() THEN extension is added to project with defaults()" classname="eu.bitfunk.gradle.plugin.development.convention.GradlePluginConventionPluginTest" time="0.806"/>
  <testcase name="GIVEN project WHEN configureKotlin() THEN kotlin configured()" classname="eu.bitfunk.gradle.plugin.development.convention.GradlePluginConventionPluginTest" time="0.709"/>
  <testcase name="GIVEN project WHEN apply() THEN all configured()" classname="eu.bitfunk.gradle.plugin.development.convention.GradlePluginConventionPluginTest" time="2.509"/>
  <testcase name="GIVEN project WHEN configureDependencies() THEN dependencies added()" classname="eu.bitfunk.gradle.plugin.development.convention.GradlePluginConventionPluginTest" time="0.334"/>
  <testcase name="GIVEN project WHEN configureTestCoverageTasks() THEN tasks configured()" classname="eu.bitfunk.gradle.plugin.development.convention.GradlePluginConventionPluginTest" time="2.472"/>
  <testcase name="GIVEN project WHEN addRepositories() THEN mavenCentral available()" classname="eu.bitfunk.gradle.plugin.development.convention.GradlePluginConventionPluginTest" time="0.007"/>
  <testcase name="GIVEN Gradle version 7_1 WHEN checkPreconditions() THEN throw GradleException()" classname="eu.bitfunk.gradle.plugin.development.convention.GradlePluginConventionPluginTest" time="0.293"/>
  <testcase name="plugin implements contract()" classname="eu.bitfunk.gradle.plugin.development.convention.GradlePluginConventionPluginTest" time="0.007"/>
  <testcase name="GIVEN project WHEN addPlugins() THEN all plugins present()" classname="eu.bitfunk.gradle.plugin.development.convention.GradlePluginConventionPluginTest" time="0.014"/>
  <system-out><![CDATA[]]></system-out>
  <system-err><![CDATA[]]></system-err>
</testsuite>
