<?xml version="1.0" encoding="UTF-8"?>
<testsuite name="eu.bitfunk.gradle.plugin.development.convention.internal.PublishingConfigTest" tests="3" skipped="0" failures="0" errors="0" timestamp="2022-12-22T18:31:37" hostname="fv-az301-732" time="2.05">
  <properties/>
  <testcase name="GIVEN project WHEN configurePublishing() THEN all plugins present()" classname="eu.bitfunk.gradle.plugin.development.convention.internal.PublishingConfigTest" time="0.291"/>
  <testcase name="GIVEN project WHEN configurePublishing() THEN publishing configured()" classname="eu.bitfunk.gradle.plugin.development.convention.internal.PublishingConfigTest" time="0.53"/>
  <testcase name="GIVEN project WHEN configurePublishing() THEN publishing pom configured()" classname="eu.bitfunk.gradle.plugin.development.convention.internal.PublishingConfigTest" time="1.215"/>
  <system-out><![CDATA[]]></system-out>
  <system-err><![CDATA[]]></system-err>
</testsuite>
