<?xml version="1.0" encoding="UTF-8"?>
<testsuite name="eu.bitfunk.gradle.plugin.development.convention.GradleExtensionsKtTest" tests="5" skipped="0" failures="0" errors="0" timestamp="2023-02-18T14:04:37" hostname="fv-az251-894" time="24.27">
  <properties/>
  <testcase name="GIVEN dependencyHandler WHEN testImplementation() THEN added()" classname="eu.bitfunk.gradle.plugin.development.convention.GradleExtensionsKtTest" time="19.153"/>
  <testcase name="GIVEN project WHEN javaPlugin() THEN extension configured()" classname="eu.bitfunk.gradle.plugin.development.convention.GradleExtensionsKtTest" time="4.917"/>
  <testcase name="GIVEN dependencyHandler WHEN testRuntimeOnly() THEN added()" classname="eu.bitfunk.gradle.plugin.development.convention.GradleExtensionsKtTest" time="0.039"/>
  <testcase name="GIVEN project WHEN jacoco() THEN extension configured()" classname="eu.bitfunk.gradle.plugin.development.convention.GradleExtensionsKtTest" time="0.057"/>
  <testcase name="GIVEN dependencyHandler WHEN implementation() THEN added()" classname="eu.bitfunk.gradle.plugin.development.convention.GradleExtensionsKtTest" time="0.042"/>
  <system-out><![CDATA[]]></system-out>
  <system-err><![CDATA[]]></system-err>
</testsuite>
