<?xml version="1.0" encoding="UTF-8"?>
<testsuite name="eu.bitfunk.gradle.plugin.development.convention.GradleExtensionsKtTest" tests="5" skipped="0" failures="0" errors="0" timestamp="2022-12-21T15:47:53" hostname="fv-az189-385" time="20.055">
  <properties/>
  <testcase name="GIVEN dependencyHandler WHEN testImplementation() THEN added()" classname="eu.bitfunk.gradle.plugin.development.convention.GradleExtensionsKtTest" time="15.658"/>
  <testcase name="GIVEN project WHEN javaPlugin() THEN extension configured()" classname="eu.bitfunk.gradle.plugin.development.convention.GradleExtensionsKtTest" time="4.239"/>
  <testcase name="GIVEN dependencyHandler WHEN testRuntimeOnly() THEN added()" classname="eu.bitfunk.gradle.plugin.development.convention.GradleExtensionsKtTest" time="0.034"/>
  <testcase name="GIVEN project WHEN jacoco() THEN extension configured()" classname="eu.bitfunk.gradle.plugin.development.convention.GradleExtensionsKtTest" time="0.058"/>
  <testcase name="GIVEN dependencyHandler WHEN implementation() THEN added()" classname="eu.bitfunk.gradle.plugin.development.convention.GradleExtensionsKtTest" time="0.04"/>
  <system-out><![CDATA[]]></system-out>
  <system-err><![CDATA[]]></system-err>
</testsuite>
